{"C:\\Users\\PC\\OneDrive\\Desktop\\Typescript-projects-practice\\recents_projects\\Task_Flow_app\\apps\\api\\src\\controllers\\auth.controller.ts": {"path":"C:\\Users\\PC\\OneDrive\\Desktop\\Typescript-projects-practice\\recents_projects\\Task_Flow_app\\apps\\api\\src\\controllers\\auth.controller.ts","statementMap":{"0":{"start":{"line":1,"column":0},"end":{"line":1,"column":51}},"1":{"start":{"line":3,"column":0},"end":{"line":3,"column":39}},"2":{"start":{"line":4,"column":0},"end":{"line":4,"column":39}},"3":{"start":{"line":5,"column":0},"end":{"line":5,"column":30}},"4":{"start":{"line":6,"column":0},"end":{"line":6,"column":108}},"5":{"start":{"line":10,"column":13},"end":{"line":87,"column":3}},"6":{"start":{"line":11,"column":53},"end":{"line":11,"column":61}},"7":{"start":{"line":15,"column":23},"end":{"line":15,"column":73}},"8":{"start":{"line":16,"column":2},"end":{"line":18,"column":3}},"9":{"start":{"line":17,"column":4},"end":{"line":17,"column":52}},"10":{"start":{"line":21,"column":25},"end":{"line":21,"column":56}},"11":{"start":{"line":24,"column":15},"end":{"line":28,"column":11}},"12":{"start":{"line":30,"column":23},"end":{"line":30,"column":77}},"13":{"start":{"line":31,"column":20},"end":{"line":31,"column":65}},"14":{"start":{"line":34,"column":30},"end":{"line":57,"column":4}},"15":{"start":{"line":35,"column":17},"end":{"line":41,"column":6}},"16":{"start":{"line":43,"column":22},"end":{"line":54,"column":6}},"17":{"start":{"line":56,"column":4},"end":{"line":56,"column":31}},"18":{"start":{"line":60,"column":22},"end":{"line":63,"column":4}},"19":{"start":{"line":64,"column":23},"end":{"line":67,"column":4}},"20":{"start":{"line":70,"column":2},"end":{"line":70,"column":50}},"21":{"start":{"line":73,"column":2},"end":{"line":86,"column":5}},"22":{"start":{"line":90,"column":13},"end":{"line":138,"column":null}},"23":{"start":{"line":91,"column":32},"end":{"line":91,"column":40}},"24":{"start":{"line":94,"column":15},"end":{"line":101,"column":4}},"25":{"start":{"line":103,"column":2},"end":{"line":103,"column":null}},"26":{"start":{"line":103,"column":12},"end":{"line":103,"column":null}},"27":{"start":{"line":105,"column":28},"end":{"line":105,"column":73}},"28":{"start":{"line":107,"column":4},"end":{"line":107,"column":null}},"29":{"start":{"line":107,"column":25},"end":{"line":107,"column":null}},"30":{"start":{"line":109,"column":26},"end":{"line":112,"column":8}},"31":{"start":{"line":114,"column":27},"end":{"line":117,"column":8}},"32":{"start":{"line":121,"column":6},"end":{"line":121,"column":null}},"33":{"start":{"line":125,"column":5},"end":{"line":137,"column":5}},"34":{"start":{"line":133,"column":41},"end":{"line":136,"column":6}},"35":{"start":{"line":142,"column":13},"end":{"line":146,"column":3}},"36":{"start":{"line":143,"column":2},"end":{"line":143,"column":34}},"37":{"start":{"line":144,"column":2},"end":{"line":144,"column":35}},"38":{"start":{"line":145,"column":2},"end":{"line":145,"column":51}},"39":{"start":{"line":152,"column":13},"end":{"line":186,"column":2}},"40":{"start":{"line":154,"column":18},"end":{"line":154,"column":43}},"41":{"start":{"line":156,"column":4},"end":{"line":158,"column":5}},"42":{"start":{"line":157,"column":6},"end":{"line":157,"column":50}},"43":{"start":{"line":161,"column":20},"end":{"line":161,"column":45}},"44":{"start":{"line":164,"column":17},"end":{"line":166,"column":6}},"45":{"start":{"line":168,"column":4},"end":{"line":170,"column":5}},"46":{"start":{"line":169,"column":6},"end":{"line":169,"column":55}},"47":{"start":{"line":173,"column":27},"end":{"line":176,"column":6}},"48":{"start":{"line":177,"column":28},"end":{"line":180,"column":6}},"49":{"start":{"line":182,"column":4},"end":{"line":182,"column":58}},"50":{"start":{"line":184,"column":4},"end":{"line":184,"column":46}},"51":{"start":{"line":190,"column":13},"end":{"line":217,"column":null}},"52":{"start":{"line":192,"column":18},"end":{"line":192,"column":41}},"53":{"start":{"line":193,"column":2},"end":{"line":193,"column":null}},"54":{"start":{"line":193,"column":14},"end":{"line":193,"column":null}},"55":{"start":{"line":195,"column":15},"end":{"line":208,"column":4}},"56":{"start":{"line":210,"column":2},"end":{"line":210,"column":null}},"57":{"start":{"line":210,"column":12},"end":{"line":210,"column":null}},"58":{"start":{"line":212,"column":2},"end":{"line":215,"column":null}}},"fnMap":{"0":{"name":"(anonymous_1)","decl":{"start":{"line":10,"column":41},"end":{"line":10,"column":46}},"loc":{"start":{"line":10,"column":79},"end":{"line":87,"column":1}}},"1":{"name":"(anonymous_2)","decl":{"start":{"line":34,"column":56},"end":{"line":34,"column":61}},"loc":{"start":{"line":34,"column":69},"end":{"line":57,"column":3}}},"2":{"name":"(anonymous_3)","decl":{"start":{"line":90,"column":38},"end":{"line":90,"column":43}},"loc":{"start":{"line":90,"column":74},"end":{"line":138,"column":1}}},"3":{"name":"(anonymous_4)","decl":{"start":{"line":133,"column":33},"end":{"line":133,"column":34}},"loc":{"start":{"line":133,"column":41},"end":{"line":136,"column":6}}},"4":{"name":"(anonymous_5)","decl":{"start":{"line":142,"column":35},"end":{"line":142,"column":40}},"loc":{"start":{"line":142,"column":73},"end":{"line":146,"column":1}}},"5":{"name":"(anonymous_6)","decl":{"start":{"line":153,"column":2},"end":{"line":153,"column":7}},"loc":{"start":{"line":153,"column":40},"end":{"line":185,"column":3}}},"6":{"name":"(anonymous_7)","decl":{"start":{"line":190,"column":34},"end":{"line":190,"column":39}},"loc":{"start":{"line":190,"column":69},"end":{"line":217,"column":1}}}},"branchMap":{"0":{"loc":{"start":{"line":16,"column":2},"end":{"line":18,"column":3}},"type":"if","locations":[{"start":{"line":16,"column":2},"end":{"line":18,"column":3}},{"start":{},"end":{}}]},"1":{"loc":{"start":{"line":31,"column":20},"end":{"line":31,"column":65}},"type":"cond-expr","locations":[{"start":{"line":31,"column":35},"end":{"line":31,"column":58}},{"start":{"line":31,"column":61},"end":{"line":31,"column":65}}]},"2":{"loc":{"start":{"line":103,"column":2},"end":{"line":103,"column":null}},"type":"if","locations":[{"start":{"line":103,"column":2},"end":{"line":103,"column":null}},{"start":{},"end":{}}]},"3":{"loc":{"start":{"line":107,"column":4},"end":{"line":107,"column":null}},"type":"if","locations":[{"start":{"line":107,"column":4},"end":{"line":107,"column":null}},{"start":{},"end":{}}]},"4":{"loc":{"start":{"line":132,"column":15},"end":{"line":132,"column":49}},"type":"binary-expr","locations":[{"start":{"line":132,"column":15},"end":{"line":132,"column":41}},{"start":{"line":132,"column":45},"end":{"line":132,"column":49}}]},"5":{"loc":{"start":{"line":156,"column":4},"end":{"line":158,"column":5}},"type":"if","locations":[{"start":{"line":156,"column":4},"end":{"line":158,"column":5}},{"start":{},"end":{}}]},"6":{"loc":{"start":{"line":168,"column":4},"end":{"line":170,"column":5}},"type":"if","locations":[{"start":{"line":168,"column":4},"end":{"line":170,"column":5}},{"start":{},"end":{}}]},"7":{"loc":{"start":{"line":193,"column":2},"end":{"line":193,"column":null}},"type":"if","locations":[{"start":{"line":193,"column":2},"end":{"line":193,"column":null}},{"start":{},"end":{}}]},"8":{"loc":{"start":{"line":210,"column":2},"end":{"line":210,"column":null}},"type":"if","locations":[{"start":{"line":210,"column":2},"end":{"line":210,"column":null}},{"start":{},"end":{}}]}},"s":{"0":4,"1":4,"2":4,"3":4,"4":4,"5":4,"6":2,"7":2,"8":2,"9":1,"10":1,"11":1,"12":1,"13":1,"14":1,"15":0,"16":0,"17":0,"18":1,"19":1,"20":1,"21":1,"22":4,"23":3,"24":3,"25":3,"26":1,"27":2,"28":2,"29":1,"30":1,"31":1,"32":1,"33":1,"34":1,"35":4,"36":1,"37":1,"38":1,"39":4,"40":2,"41":2,"42":1,"43":1,"44":1,"45":1,"46":0,"47":1,"48":1,"49":1,"50":1,"51":4,"52":0,"53":0,"54":0,"55":0,"56":0,"57":0,"58":0},"f":{"0":2,"1":0,"2":3,"3":1,"4":1,"5":2,"6":0},"b":{"0":[1,1],"1":[0,1],"2":[1,2],"3":[1,1],"4":[1,0],"5":[1,1],"6":[0,1],"7":[0,0],"8":[0,0]}}
,"C:\\Users\\PC\\OneDrive\\Desktop\\Typescript-projects-practice\\recents_projects\\Task_Flow_app\\apps\\api\\src\\controllers\\billing.controller.ts": {"path":"C:\\Users\\PC\\OneDrive\\Desktop\\Typescript-projects-practice\\recents_projects\\Task_Flow_app\\apps\\api\\src\\controllers\\billing.controller.ts","statementMap":{"0":{"start":{"line":2,"column":0},"end":{"line":2,"column":39}},"1":{"start":{"line":3,"column":0},"end":{"line":3,"column":39}},"2":{"start":{"line":4,"column":0},"end":{"line":4,"column":39}},"3":{"start":{"line":5,"column":0},"end":{"line":5,"column":51}},"4":{"start":{"line":6,"column":0},"end":{"line":6,"column":39}},"5":{"start":{"line":13,"column":2},"end":{"line":13,"column":58}},"6":{"start":{"line":19,"column":13},"end":{"line":95,"column":2}},"7":{"start":{"line":21,"column":19},"end":{"line":21,"column":33}},"8":{"start":{"line":22,"column":28},"end":{"line":22,"column":36}},"9":{"start":{"line":24,"column":4},"end":{"line":24,"column":73}},"10":{"start":{"line":24,"column":22},"end":{"line":24,"column":73}},"11":{"start":{"line":26,"column":22},"end":{"line":31,"column":6}},"12":{"start":{"line":33,"column":4},"end":{"line":33,"column":67}},"13":{"start":{"line":33,"column":20},"end":{"line":33,"column":67}},"14":{"start":{"line":35,"column":19},"end":{"line":35,"column":39}},"15":{"start":{"line":36,"column":4},"end":{"line":38,"column":5}},"16":{"start":{"line":37,"column":6},"end":{"line":37,"column":74}},"17":{"start":{"line":40,"column":4},"end":{"line":42,"column":5}},"18":{"start":{"line":41,"column":6},"end":{"line":41,"column":66}},"19":{"start":{"line":45,"column":21},"end":{"line":45,"column":47}},"20":{"start":{"line":47,"column":4},"end":{"line":67,"column":5}},"21":{"start":{"line":48,"column":19},"end":{"line":50,"column":8}},"22":{"start":{"line":52,"column":23},"end":{"line":59,"column":8}},"23":{"start":{"line":61,"column":6},"end":{"line":61,"column":31}},"24":{"start":{"line":63,"column":6},"end":{"line":66,"column":9}},"25":{"start":{"line":70,"column":20},"end":{"line":90,"column":6}},"26":{"start":{"line":92,"column":4},"end":{"line":92,"column":103}},"27":{"start":{"line":93,"column":4},"end":{"line":93,"column":35}},"28":{"start":{"line":100,"column":13},"end":{"line":131,"column":2}},"29":{"start":{"line":102,"column":19},"end":{"line":102,"column":33}},"30":{"start":{"line":103,"column":28},"end":{"line":103,"column":36}},"31":{"start":{"line":105,"column":22},"end":{"line":110,"column":6}},"32":{"start":{"line":112,"column":4},"end":{"line":112,"column":67}},"33":{"start":{"line":112,"column":20},"end":{"line":112,"column":67}},"34":{"start":{"line":114,"column":19},"end":{"line":114,"column":39}},"35":{"start":{"line":115,"column":4},"end":{"line":117,"column":5}},"36":{"start":{"line":116,"column":6},"end":{"line":116,"column":64}},"37":{"start":{"line":119,"column":4},"end":{"line":121,"column":5}},"38":{"start":{"line":120,"column":6},"end":{"line":120,"column":58}},"39":{"start":{"line":123,"column":20},"end":{"line":126,"column":6}},"40":{"start":{"line":128,"column":4},"end":{"line":128,"column":114}},"41":{"start":{"line":129,"column":4},"end":{"line":129,"column":35}},"42":{"start":{"line":136,"column":13},"end":{"line":171,"column":2}},"43":{"start":{"line":138,"column":19},"end":{"line":138,"column":33}},"44":{"start":{"line":139,"column":24},"end":{"line":139,"column":55}},"45":{"start":{"line":141,"column":4},"end":{"line":141,"column":73}},"46":{"start":{"line":141,"column":22},"end":{"line":141,"column":73}},"47":{"start":{"line":143,"column":22},"end":{"line":154,"column":6}},"48":{"start":{"line":156,"column":4},"end":{"line":156,"column":67}},"49":{"start":{"line":156,"column":20},"end":{"line":156,"column":67}},"50":{"start":{"line":157,"column":4},"end":{"line":157,"column":72}},"51":{"start":{"line":157,"column":31},"end":{"line":157,"column":72}},"52":{"start":{"line":159,"column":4},"end":{"line":169,"column":7}},"53":{"start":{"line":176,"column":29},"end":{"line":346,"column":1}},"54":{"start":{"line":180,"column":14},"end":{"line":180,"column":45}},"55":{"start":{"line":182,"column":2},"end":{"line":185,"column":3}},"56":{"start":{"line":183,"column":4},"end":{"line":183,"column":52}},"57":{"start":{"line":184,"column":4},"end":{"line":184,"column":11}},"58":{"start":{"line":189,"column":2},"end":{"line":210,"column":3}},"59":{"start":{"line":190,"column":4},"end":{"line":194,"column":6}},"60":{"start":{"line":197,"column":28},"end":{"line":199,"column":6}},"61":{"start":{"line":201,"column":4},"end":{"line":205,"column":5}},"62":{"start":{"line":202,"column":6},"end":{"line":202,"column":122}},"63":{"start":{"line":203,"column":6},"end":{"line":203,"column":52}},"64":{"start":{"line":204,"column":6},"end":{"line":204,"column":13}},"65":{"start":{"line":207,"column":4},"end":{"line":207,"column":87}},"66":{"start":{"line":208,"column":4},"end":{"line":208,"column":69}},"67":{"start":{"line":209,"column":4},"end":{"line":209,"column":11}},"68":{"start":{"line":212,"column":2},"end":{"line":343,"column":3}},"69":{"start":{"line":213,"column":4},"end":{"line":330,"column":5}},"70":{"start":{"line":215,"column":24},"end":{"line":215,"column":48}},"71":{"start":{"line":217,"column":28},"end":{"line":217,"column":57}},"72":{"start":{"line":218,"column":28},"end":{"line":218,"column":106}},"73":{"start":{"line":219,"column":34},"end":{"line":219,"column":124}},"74":{"start":{"line":221,"column":8},"end":{"line":244,"column":9}},"75":{"start":{"line":222,"column":10},"end":{"line":222,"column":129}},"76":{"start":{"line":225,"column":10},"end":{"line":242,"column":11}},"77":{"start":{"line":226,"column":30},"end":{"line":228,"column":14}},"78":{"start":{"line":230,"column":12},"end":{"line":241,"column":13}},"79":{"start":{"line":231,"column":14},"end":{"line":237,"column":17}},"80":{"start":{"line":238,"column":14},"end":{"line":238,"column":108}},"81":{"start":{"line":240,"column":14},"end":{"line":240,"column":103}},"82":{"start":{"line":243,"column":10},"end":{"line":243,"column":16}},"83":{"start":{"line":246,"column":8},"end":{"line":252,"column":11}},"84":{"start":{"line":254,"column":8},"end":{"line":254,"column":79}},"85":{"start":{"line":255,"column":8},"end":{"line":255,"column":14}},"86":{"start":{"line":259,"column":24},"end":{"line":259,"column":48}},"87":{"start":{"line":260,"column":31},"end":{"line":260,"column":121}},"88":{"start":{"line":261,"column":8},"end":{"line":261,"column":35}},"89":{"start":{"line":261,"column":29},"end":{"line":261,"column":35}},"90":{"start":{"line":263,"column":26},"end":{"line":265,"column":10}},"91":{"start":{"line":267,"column":8},"end":{"line":273,"column":9}},"92":{"start":{"line":268,"column":10},"end":{"line":271,"column":13}},"93":{"start":{"line":272,"column":10},"end":{"line":272,"column":106}},"94":{"start":{"line":274,"column":8},"end":{"line":274,"column":14}},"95":{"start":{"line":278,"column":24},"end":{"line":278,"column":48}},"96":{"start":{"line":279,"column":31},"end":{"line":279,"column":121}},"97":{"start":{"line":280,"column":8},"end":{"line":280,"column":35}},"98":{"start":{"line":280,"column":29},"end":{"line":280,"column":35}},"99":{"start":{"line":282,"column":26},"end":{"line":284,"column":10}},"100":{"start":{"line":285,"column":8},"end":{"line":291,"column":9}},"101":{"start":{"line":286,"column":10},"end":{"line":289,"column":13}},"102":{"start":{"line":290,"column":10},"end":{"line":290,"column":114}},"103":{"start":{"line":292,"column":8},"end":{"line":292,"column":14}},"104":{"start":{"line":296,"column":29},"end":{"line":296,"column":53}},"105":{"start":{"line":297,"column":26},"end":{"line":299,"column":10}},"106":{"start":{"line":300,"column":8},"end":{"line":306,"column":9}},"107":{"start":{"line":301,"column":10},"end":{"line":304,"column":13}},"108":{"start":{"line":305,"column":10},"end":{"line":305,"column":109}},"109":{"start":{"line":307,"column":8},"end":{"line":307,"column":14}},"110":{"start":{"line":311,"column":29},"end":{"line":311,"column":53}},"111":{"start":{"line":312,"column":26},"end":{"line":314,"column":10}},"112":{"start":{"line":316,"column":8},"end":{"line":323,"column":9}},"113":{"start":{"line":317,"column":24},"end":{"line":317,"column":76}},"114":{"start":{"line":318,"column":10},"end":{"line":321,"column":13}},"115":{"start":{"line":322,"column":10},"end":{"line":322,"column":113}},"116":{"start":{"line":324,"column":8},"end":{"line":324,"column":14}},"117":{"start":{"line":328,"column":8},"end":{"line":328,"column":91}},"118":{"start":{"line":329,"column":8},"end":{"line":329,"column":14}},"119":{"start":{"line":333,"column":4},"end":{"line":338,"column":7}},"120":{"start":{"line":340,"column":4},"end":{"line":340,"column":92}},"121":{"start":{"line":341,"column":4},"end":{"line":341,"column":57}},"122":{"start":{"line":342,"column":4},"end":{"line":342,"column":11}},"123":{"start":{"line":345,"column":2},"end":{"line":345,"column":31}},"124":{"start":{"line":176,"column":13},"end":{"line":176,"column":29}}},"fnMap":{"0":{"name":"getUserId","decl":{"start":{"line":12,"column":9},"end":{"line":12,"column":18}},"loc":{"start":{"line":12,"column":31},"end":{"line":14,"column":1}}},"1":{"name":"(anonymous_2)","decl":{"start":{"line":20,"column":2},"end":{"line":20,"column":7}},"loc":{"start":{"line":20,"column":40},"end":{"line":94,"column":3}}},"2":{"name":"(anonymous_3)","decl":{"start":{"line":101,"column":2},"end":{"line":101,"column":7}},"loc":{"start":{"line":101,"column":40},"end":{"line":130,"column":3}}},"3":{"name":"(anonymous_4)","decl":{"start":{"line":137,"column":2},"end":{"line":137,"column":7}},"loc":{"start":{"line":137,"column":40},"end":{"line":170,"column":3}}},"4":{"name":"(anonymous_5)","decl":{"start":{"line":176,"column":29},"end":{"line":176,"column":34}},"loc":{"start":{"line":179,"column":19},"end":{"line":346,"column":1}}}},"branchMap":{"0":{"loc":{"start":{"line":13,"column":10},"end":{"line":13,"column":57}},"type":"binary-expr","locations":[{"start":{"line":13,"column":10},"end":{"line":13,"column":28}},{"start":{"line":13,"column":33},"end":{"line":13,"column":57}}]},"1":{"loc":{"start":{"line":24,"column":4},"end":{"line":24,"column":73}},"type":"if","locations":[{"start":{"line":24,"column":4},"end":{"line":24,"column":73}},{"start":{},"end":{}}]},"2":{"loc":{"start":{"line":33,"column":4},"end":{"line":33,"column":67}},"type":"if","locations":[{"start":{"line":33,"column":4},"end":{"line":33,"column":67}},{"start":{},"end":{}}]},"3":{"loc":{"start":{"line":36,"column":4},"end":{"line":38,"column":5}},"type":"if","locations":[{"start":{"line":36,"column":4},"end":{"line":38,"column":5}},{"start":{},"end":{}}]},"4":{"loc":{"start":{"line":36,"column":8},"end":{"line":36,"column":42}},"type":"binary-expr","locations":[{"start":{"line":36,"column":8},"end":{"line":36,"column":15}},{"start":{"line":36,"column":19},"end":{"line":36,"column":42}}]},"5":{"loc":{"start":{"line":40,"column":4},"end":{"line":42,"column":5}},"type":"if","locations":[{"start":{"line":40,"column":4},"end":{"line":42,"column":5}},{"start":{},"end":{}}]},"6":{"loc":{"start":{"line":47,"column":4},"end":{"line":67,"column":5}},"type":"if","locations":[{"start":{"line":47,"column":4},"end":{"line":67,"column":5}},{"start":{},"end":{}}]},"7":{"loc":{"start":{"line":83,"column":22},"end":{"line":83,"column":71}},"type":"binary-expr","locations":[{"start":{"line":83,"column":22},"end":{"line":83,"column":44}},{"start":{"line":83,"column":48},"end":{"line":83,"column":71}}]},"8":{"loc":{"start":{"line":84,"column":21},"end":{"line":84,"column":70}},"type":"binary-expr","locations":[{"start":{"line":84,"column":21},"end":{"line":84,"column":43}},{"start":{"line":84,"column":47},"end":{"line":84,"column":70}}]},"9":{"loc":{"start":{"line":112,"column":4},"end":{"line":112,"column":67}},"type":"if","locations":[{"start":{"line":112,"column":4},"end":{"line":112,"column":67}},{"start":{},"end":{}}]},"10":{"loc":{"start":{"line":115,"column":4},"end":{"line":117,"column":5}},"type":"if","locations":[{"start":{"line":115,"column":4},"end":{"line":117,"column":5}},{"start":{},"end":{}}]},"11":{"loc":{"start":{"line":115,"column":8},"end":{"line":115,"column":42}},"type":"binary-expr","locations":[{"start":{"line":115,"column":8},"end":{"line":115,"column":15}},{"start":{"line":115,"column":19},"end":{"line":115,"column":42}}]},"12":{"loc":{"start":{"line":119,"column":4},"end":{"line":121,"column":5}},"type":"if","locations":[{"start":{"line":119,"column":4},"end":{"line":121,"column":5}},{"start":{},"end":{}}]},"13":{"loc":{"start":{"line":125,"column":21},"end":{"line":125,"column":70}},"type":"binary-expr","locations":[{"start":{"line":125,"column":21},"end":{"line":125,"column":43}},{"start":{"line":125,"column":47},"end":{"line":125,"column":70}}]},"14":{"loc":{"start":{"line":141,"column":4},"end":{"line":141,"column":73}},"type":"if","locations":[{"start":{"line":141,"column":4},"end":{"line":141,"column":73}},{"start":{},"end":{}}]},"15":{"loc":{"start":{"line":156,"column":4},"end":{"line":156,"column":67}},"type":"if","locations":[{"start":{"line":156,"column":4},"end":{"line":156,"column":67}},{"start":{},"end":{}}]},"16":{"loc":{"start":{"line":157,"column":4},"end":{"line":157,"column":72}},"type":"if","locations":[{"start":{"line":157,"column":4},"end":{"line":157,"column":72}},{"start":{},"end":{}}]},"17":{"loc":{"start":{"line":166,"column":22},"end":{"line":166,"column":66}},"type":"cond-expr","locations":[{"start":{"line":166,"column":49},"end":{"line":166,"column":60}},{"start":{"line":166,"column":63},"end":{"line":166,"column":66}}]},"18":{"loc":{"start":{"line":167,"column":21},"end":{"line":167,"column":65}},"type":"cond-expr","locations":[{"start":{"line":167,"column":48},"end":{"line":167,"column":59}},{"start":{"line":167,"column":62},"end":{"line":167,"column":65}}]},"19":{"loc":{"start":{"line":182,"column":2},"end":{"line":185,"column":3}},"type":"if","locations":[{"start":{"line":182,"column":2},"end":{"line":185,"column":3}},{"start":{},"end":{}}]},"20":{"loc":{"start":{"line":201,"column":4},"end":{"line":205,"column":5}},"type":"if","locations":[{"start":{"line":201,"column":4},"end":{"line":205,"column":5}},{"start":{},"end":{}}]},"21":{"loc":{"start":{"line":213,"column":4},"end":{"line":330,"column":5}},"type":"switch","locations":[{"start":{"line":214,"column":6},"end":{"line":256,"column":7}},{"start":{"line":258,"column":6},"end":{"line":275,"column":7}},{"start":{"line":277,"column":6},"end":{"line":293,"column":7}},{"start":{"line":295,"column":6},"end":{"line":308,"column":7}},{"start":{"line":310,"column":6},"end":{"line":325,"column":7}},{"start":{"line":327,"column":6},"end":{"line":329,"column":14}}]},"22":{"loc":{"start":{"line":218,"column":28},"end":{"line":218,"column":106}},"type":"cond-expr","locations":[{"start":{"line":218,"column":67},"end":{"line":218,"column":83}},{"start":{"line":218,"column":86},"end":{"line":218,"column":106}}]},"23":{"loc":{"start":{"line":219,"column":34},"end":{"line":219,"column":124}},"type":"cond-expr","locations":[{"start":{"line":219,"column":77},"end":{"line":219,"column":97}},{"start":{"line":219,"column":100},"end":{"line":219,"column":124}}]},"24":{"loc":{"start":{"line":221,"column":8},"end":{"line":244,"column":9}},"type":"if","locations":[{"start":{"line":221,"column":8},"end":{"line":244,"column":9}},{"start":{},"end":{}}]},"25":{"loc":{"start":{"line":225,"column":10},"end":{"line":242,"column":11}},"type":"if","locations":[{"start":{"line":225,"column":10},"end":{"line":242,"column":11}},{"start":{},"end":{}}]},"26":{"loc":{"start":{"line":230,"column":12},"end":{"line":241,"column":13}},"type":"if","locations":[{"start":{"line":230,"column":12},"end":{"line":241,"column":13}},{"start":{"line":239,"column":19},"end":{"line":241,"column":13}}]},"27":{"loc":{"start":{"line":235,"column":40},"end":{"line":235,"column":65}},"type":"binary-expr","locations":[{"start":{"line":235,"column":40},"end":{"line":235,"column":57}},{"start":{"line":235,"column":61},"end":{"line":235,"column":65}}]},"28":{"loc":{"start":{"line":250,"column":34},"end":{"line":250,"column":59}},"type":"binary-expr","locations":[{"start":{"line":250,"column":34},"end":{"line":250,"column":51}},{"start":{"line":250,"column":55},"end":{"line":250,"column":59}}]},"29":{"loc":{"start":{"line":260,"column":31},"end":{"line":260,"column":121}},"type":"cond-expr","locations":[{"start":{"line":260,"column":74},"end":{"line":260,"column":94}},{"start":{"line":260,"column":97},"end":{"line":260,"column":121}}]},"30":{"loc":{"start":{"line":261,"column":8},"end":{"line":261,"column":35}},"type":"if","locations":[{"start":{"line":261,"column":8},"end":{"line":261,"column":35}},{"start":{},"end":{}}]},"31":{"loc":{"start":{"line":267,"column":8},"end":{"line":273,"column":9}},"type":"if","locations":[{"start":{"line":267,"column":8},"end":{"line":273,"column":9}},{"start":{},"end":{}}]},"32":{"loc":{"start":{"line":279,"column":31},"end":{"line":279,"column":121}},"type":"cond-expr","locations":[{"start":{"line":279,"column":74},"end":{"line":279,"column":94}},{"start":{"line":279,"column":97},"end":{"line":279,"column":121}}]},"33":{"loc":{"start":{"line":280,"column":8},"end":{"line":280,"column":35}},"type":"if","locations":[{"start":{"line":280,"column":8},"end":{"line":280,"column":35}},{"start":{},"end":{}}]},"34":{"loc":{"start":{"line":285,"column":8},"end":{"line":291,"column":9}},"type":"if","locations":[{"start":{"line":285,"column":8},"end":{"line":291,"column":9}},{"start":{},"end":{}}]},"35":{"loc":{"start":{"line":300,"column":8},"end":{"line":306,"column":9}},"type":"if","locations":[{"start":{"line":300,"column":8},"end":{"line":306,"column":9}},{"start":{},"end":{}}]},"36":{"loc":{"start":{"line":316,"column":8},"end":{"line":323,"column":9}},"type":"if","locations":[{"start":{"line":316,"column":8},"end":{"line":323,"column":9}},{"start":{},"end":{}}]},"37":{"loc":{"start":{"line":320,"column":26},"end":{"line":320,"column":48}},"type":"cond-expr","locations":[{"start":{"line":320,"column":34},"end":{"line":320,"column":39}},{"start":{"line":320,"column":42},"end":{"line":320,"column":48}}]}},"s":{"0":4,"1":4,"2":4,"3":4,"4":4,"5":5,"6":4,"7":4,"8":4,"9":4,"10":1,"11":3,"12":3,"13":0,"14":3,"15":3,"16":1,"17":2,"18":1,"19":1,"20":1,"21":1,"22":1,"23":1,"24":1,"25":1,"26":1,"27":1,"28":4,"29":1,"30":1,"31":1,"32":1,"33":0,"34":1,"35":1,"36":0,"37":1,"38":0,"39":1,"40":1,"41":1,"42":4,"43":0,"44":0,"45":0,"46":0,"47":0,"48":0,"49":0,"50":0,"51":0,"52":0,"53":4,"54":4,"55":4,"56":1,"57":1,"58":3,"59":3,"60":3,"61":3,"62":1,"63":1,"64":1,"65":0,"66":0,"67":0,"68":2,"69":2,"70":1,"71":1,"72":1,"73":1,"74":1,"75":0,"76":0,"77":0,"78":0,"79":0,"80":0,"81":0,"82":0,"83":1,"84":1,"85":1,"86":0,"87":0,"88":0,"89":0,"90":0,"91":0,"92":0,"93":0,"94":0,"95":0,"96":0,"97":0,"98":0,"99":0,"100":0,"101":0,"102":0,"103":0,"104":1,"105":1,"106":1,"107":1,"108":1,"109":1,"110":0,"111":0,"112":0,"113":0,"114":0,"115":0,"116":0,"117":0,"118":0,"119":2,"120":0,"121":0,"122":0,"123":2,"124":4},"f":{"0":5,"1":4,"2":1,"3":0,"4":4},"b":{"0":[5,5],"1":[1,3],"2":[0,3],"3":[1,2],"4":[3,3],"5":[1,1],"6":[1,0],"7":[1,0],"8":[1,0],"9":[0,1],"10":[0,1],"11":[1,1],"12":[0,1],"13":[1,0],"14":[0,0],"15":[0,0],"16":[0,0],"17":[0,0],"18":[0,0],"19":[1,3],"20":[1,2],"21":[1,0,0,1,0,0],"22":[1,0],"23":[1,0],"24":[0,1],"25":[0,0],"26":[0,0],"27":[0,0],"28":[1,0],"29":[0,0],"30":[0,0],"31":[0,0],"32":[0,0],"33":[0,0],"34":[0,0],"35":[1,0],"36":[0,0],"37":[0,0]}}
,"C:\\Users\\PC\\OneDrive\\Desktop\\Typescript-projects-practice\\recents_projects\\Task_Flow_app\\apps\\api\\src\\controllers\\comment.controller.ts": {"path":"C:\\Users\\PC\\OneDrive\\Desktop\\Typescript-projects-practice\\recents_projects\\Task_Flow_app\\apps\\api\\src\\controllers\\comment.controller.ts","statementMap":{"0":{"start":{"line":2,"column":0},"end":{"line":2,"column":39}},"1":{"start":{"line":3,"column":0},"end":{"line":3,"column":39}},"2":{"start":{"line":4,"column":0},"end":{"line":4,"column":51}},"3":{"start":{"line":5,"column":0},"end":{"line":5,"column":39}},"4":{"start":{"line":6,"column":0},"end":{"line":6,"column":24}},"5":{"start":{"line":8,"column":28},"end":{"line":11,"column":2}},"6":{"start":{"line":16,"column":13},"end":{"line":37,"column":2}},"7":{"start":{"line":18,"column":19},"end":{"line":18,"column":45}},"8":{"start":{"line":19,"column":4},"end":{"line":19,"column":63}},"9":{"start":{"line":19,"column":17},"end":{"line":19,"column":63}},"10":{"start":{"line":21,"column":21},"end":{"line":33,"column":6}},"11":{"start":{"line":35,"column":4},"end":{"line":35,"column":27}},"12":{"start":{"line":42,"column":13},"end":{"line":125,"column":2}},"13":{"start":{"line":44,"column":20},"end":{"line":44,"column":43}},"14":{"start":{"line":46,"column":19},"end":{"line":46,"column":58}},"15":{"start":{"line":47,"column":4},"end":{"line":49,"column":5}},"16":{"start":{"line":48,"column":6},"end":{"line":48,"column":62}},"17":{"start":{"line":51,"column":32},"end":{"line":51,"column":43}},"18":{"start":{"line":54,"column":17},"end":{"line":61,"column":6}},"19":{"start":{"line":63,"column":4},"end":{"line":63,"column":57}},"20":{"start":{"line":63,"column":15},"end":{"line":63,"column":57}},"21":{"start":{"line":66,"column":19},"end":{"line":73,"column":6}},"22":{"start":{"line":74,"column":4},"end":{"line":74,"column":58}},"23":{"start":{"line":74,"column":17},"end":{"line":74,"column":58}},"24":{"start":{"line":77,"column":20},"end":{"line":92,"column":6}},"25":{"start":{"line":95,"column":4},"end":{"line":105,"column":5}},"26":{"start":{"line":96,"column":21},"end":{"line":99,"column":8}},"27":{"start":{"line":100,"column":6},"end":{"line":104,"column":9}},"28":{"start":{"line":108,"column":4},"end":{"line":121,"column":5}},"29":{"start":{"line":112,"column":21},"end":{"line":115,"column":8}},"30":{"start":{"line":116,"column":6},"end":{"line":120,"column":9}},"31":{"start":{"line":123,"column":4},"end":{"line":123,"column":38}},"32":{"start":{"line":130,"column":13},"end":{"line":150,"column":2}},"33":{"start":{"line":132,"column":20},"end":{"line":132,"column":43}},"34":{"start":{"line":133,"column":15},"end":{"line":133,"column":38}},"35":{"start":{"line":135,"column":20},"end":{"line":137,"column":6}},"36":{"start":{"line":139,"column":4},"end":{"line":139,"column":63}},"37":{"start":{"line":139,"column":18},"end":{"line":139,"column":63}},"38":{"start":{"line":142,"column":4},"end":{"line":144,"column":5}},"39":{"start":{"line":143,"column":6},"end":{"line":143,"column":71}},"40":{"start":{"line":146,"column":4},"end":{"line":146,"column":51}},"41":{"start":{"line":148,"column":4},"end":{"line":148,"column":45}}},"fnMap":{"0":{"name":"(anonymous_1)","decl":{"start":{"line":17,"column":2},"end":{"line":17,"column":7}},"loc":{"start":{"line":17,"column":40},"end":{"line":36,"column":3}}},"1":{"name":"(anonymous_2)","decl":{"start":{"line":43,"column":2},"end":{"line":43,"column":7}},"loc":{"start":{"line":43,"column":40},"end":{"line":124,"column":3}}},"2":{"name":"(anonymous_3)","decl":{"start":{"line":131,"column":2},"end":{"line":131,"column":7}},"loc":{"start":{"line":131,"column":40},"end":{"line":149,"column":3}}}},"branchMap":{"0":{"loc":{"start":{"line":19,"column":4},"end":{"line":19,"column":63}},"type":"if","locations":[{"start":{"line":19,"column":4},"end":{"line":19,"column":63}},{"start":{},"end":{}}]},"1":{"loc":{"start":{"line":47,"column":4},"end":{"line":49,"column":5}},"type":"if","locations":[{"start":{"line":47,"column":4},"end":{"line":49,"column":5}},{"start":{},"end":{}}]},"2":{"loc":{"start":{"line":63,"column":4},"end":{"line":63,"column":57}},"type":"if","locations":[{"start":{"line":63,"column":4},"end":{"line":63,"column":57}},{"start":{},"end":{}}]},"3":{"loc":{"start":{"line":74,"column":4},"end":{"line":74,"column":58}},"type":"if","locations":[{"start":{"line":74,"column":4},"end":{"line":74,"column":58}},{"start":{},"end":{}}]},"4":{"loc":{"start":{"line":95,"column":4},"end":{"line":105,"column":5}},"type":"if","locations":[{"start":{"line":95,"column":4},"end":{"line":105,"column":5}},{"start":{},"end":{}}]},"5":{"loc":{"start":{"line":95,"column":8},"end":{"line":95,"column":53}},"type":"binary-expr","locations":[{"start":{"line":95,"column":8},"end":{"line":95,"column":23}},{"start":{"line":95,"column":27},"end":{"line":95,"column":53}}]},"6":{"loc":{"start":{"line":108,"column":4},"end":{"line":121,"column":5}},"type":"if","locations":[{"start":{"line":108,"column":4},"end":{"line":121,"column":5}},{"start":{},"end":{}}]},"7":{"loc":{"start":{"line":109,"column":6},"end":{"line":110,"column":40}},"type":"binary-expr","locations":[{"start":{"line":109,"column":6},"end":{"line":109,"column":31}},{"start":{"line":110,"column":6},"end":{"line":110,"column":40}}]},"8":{"loc":{"start":{"line":139,"column":4},"end":{"line":139,"column":63}},"type":"if","locations":[{"start":{"line":139,"column":4},"end":{"line":139,"column":63}},{"start":{},"end":{}}]},"9":{"loc":{"start":{"line":142,"column":4},"end":{"line":144,"column":5}},"type":"if","locations":[{"start":{"line":142,"column":4},"end":{"line":144,"column":5}},{"start":{},"end":{}}]}},"s":{"0":4,"1":4,"2":4,"3":4,"4":4,"5":4,"6":4,"7":0,"8":0,"9":0,"10":0,"11":0,"12":4,"13":0,"14":0,"15":0,"16":0,"17":0,"18":0,"19":0,"20":0,"21":0,"22":0,"23":0,"24":0,"25":0,"26":0,"27":0,"28":0,"29":0,"30":0,"31":0,"32":4,"33":0,"34":0,"35":0,"36":0,"37":0,"38":0,"39":0,"40":0,"41":0},"f":{"0":0,"1":0,"2":0},"b":{"0":[0,0],"1":[0,0],"2":[0,0],"3":[0,0],"4":[0,0],"5":[0,0],"6":[0,0],"7":[0,0],"8":[0,0],"9":[0,0]}}
,"C:\\Users\\PC\\OneDrive\\Desktop\\Typescript-projects-practice\\recents_projects\\Task_Flow_app\\apps\\api\\src\\controllers\\invite.controller.ts": {"path":"C:\\Users\\PC\\OneDrive\\Desktop\\Typescript-projects-practice\\recents_projects\\Task_Flow_app\\apps\\api\\src\\controllers\\invite.controller.ts","statementMap":{"0":{"start":{"line":2,"column":0},"end":{"line":2,"column":28}},"1":{"start":{"line":3,"column":0},"end":{"line":3,"column":39}},"2":{"start":{"line":4,"column":0},"end":{"line":4,"column":39}},"3":{"start":{"line":5,"column":0},"end":{"line":5,"column":51}},"4":{"start":{"line":6,"column":0},"end":{"line":6,"column":53}},"5":{"start":{"line":7,"column":0},"end":{"line":7,"column":24}},"6":{"start":{"line":9,"column":21},"end":{"line":13,"column":2}},"7":{"start":{"line":18,"column":13},"end":{"line":132,"column":2}},"8":{"start":{"line":20,"column":20},"end":{"line":20,"column":43}},"9":{"start":{"line":23,"column":19},"end":{"line":23,"column":51}},"10":{"start":{"line":24,"column":4},"end":{"line":26,"column":5}},"11":{"start":{"line":25,"column":6},"end":{"line":25,"column":62}},"12":{"start":{"line":28,"column":41},"end":{"line":28,"column":52}},"13":{"start":{"line":31,"column":26},"end":{"line":39,"column":6}},"14":{"start":{"line":41,"column":4},"end":{"line":43,"column":5}},"15":{"start":{"line":42,"column":6},"end":{"line":42,"column":47}},"16":{"start":{"line":45,"column":4},"end":{"line":47,"column":5}},"17":{"start":{"line":46,"column":6},"end":{"line":46,"column":75}},"18":{"start":{"line":50,"column":22},"end":{"line":55,"column":6}},"19":{"start":{"line":57,"column":4},"end":{"line":62,"column":5}},"20":{"start":{"line":58,"column":6},"end":{"line":61,"column":8}},"21":{"start":{"line":65,"column":25},"end":{"line":67,"column":6}},"22":{"start":{"line":69,"column":4},"end":{"line":81,"column":5}},"23":{"start":{"line":70,"column":28},"end":{"line":77,"column":8}},"24":{"start":{"line":78,"column":6},"end":{"line":80,"column":7}},"25":{"start":{"line":79,"column":8},"end":{"line":79,"column":60}},"26":{"start":{"line":84,"column":27},"end":{"line":91,"column":6}},"27":{"start":{"line":93,"column":4},"end":{"line":95,"column":5}},"28":{"start":{"line":94,"column":6},"end":{"line":94,"column":79}},"29":{"start":{"line":98,"column":18},"end":{"line":98,"column":56}},"30":{"start":{"line":99,"column":22},"end":{"line":99,"column":64}},"31":{"start":{"line":102,"column":19},"end":{"line":112,"column":6}},"32":{"start":{"line":115,"column":4},"end":{"line":120,"column":7}},"33":{"start":{"line":122,"column":4},"end":{"line":130,"column":7}},"34":{"start":{"line":138,"column":13},"end":{"line":171,"column":2}},"35":{"start":{"line":140,"column":18},"end":{"line":140,"column":44}},"36":{"start":{"line":142,"column":19},"end":{"line":152,"column":6}},"37":{"start":{"line":154,"column":4},"end":{"line":154,"column":61}},"38":{"start":{"line":154,"column":17},"end":{"line":154,"column":61}},"39":{"start":{"line":156,"column":4},"end":{"line":158,"column":5}},"40":{"start":{"line":157,"column":6},"end":{"line":157,"column":67}},"41":{"start":{"line":160,"column":4},"end":{"line":167,"column":5}},"42":{"start":{"line":162,"column":6},"end":{"line":165,"column":9}},"43":{"start":{"line":166,"column":6},"end":{"line":166,"column":57}},"44":{"start":{"line":169,"column":4},"end":{"line":169,"column":25}},"45":{"start":{"line":176,"column":13},"end":{"line":243,"column":2}},"46":{"start":{"line":178,"column":20},"end":{"line":178,"column":43}},"47":{"start":{"line":179,"column":18},"end":{"line":179,"column":44}},"48":{"start":{"line":181,"column":19},"end":{"line":190,"column":6}},"49":{"start":{"line":192,"column":4},"end":{"line":192,"column":61}},"50":{"start":{"line":192,"column":17},"end":{"line":192,"column":61}},"51":{"start":{"line":193,"column":4},"end":{"line":195,"column":5}},"52":{"start":{"line":194,"column":6},"end":{"line":194,"column":53}},"53":{"start":{"line":196,"column":4},"end":{"line":198,"column":5}},"54":{"start":{"line":197,"column":6},"end":{"line":197,"column":52}},"55":{"start":{"line":201,"column":4},"end":{"line":203,"column":5}},"56":{"start":{"line":202,"column":6},"end":{"line":202,"column":95}},"57":{"start":{"line":206,"column":26},"end":{"line":213,"column":6}},"58":{"start":{"line":215,"column":4},"end":{"line":217,"column":5}},"59":{"start":{"line":216,"column":6},"end":{"line":216,"column":76}},"60":{"start":{"line":220,"column":4},"end":{"line":232,"column":7}},"61":{"start":{"line":234,"column":4},"end":{"line":241,"column":7}},"62":{"start":{"line":249,"column":13},"end":{"line":274,"column":2}},"63":{"start":{"line":251,"column":20},"end":{"line":251,"column":43}},"64":{"start":{"line":252,"column":24},"end":{"line":252,"column":55}},"65":{"start":{"line":254,"column":4},"end":{"line":254,"column":70}},"66":{"start":{"line":254,"column":22},"end":{"line":254,"column":70}},"67":{"start":{"line":257,"column":19},"end":{"line":261,"column":6}},"68":{"start":{"line":262,"column":4},"end":{"line":262,"column":58}},"69":{"start":{"line":262,"column":17},"end":{"line":262,"column":58}},"70":{"start":{"line":264,"column":20},"end":{"line":270,"column":6}},"71":{"start":{"line":272,"column":4},"end":{"line":272,"column":26}}},"fnMap":{"0":{"name":"(anonymous_1)","decl":{"start":{"line":19,"column":2},"end":{"line":19,"column":7}},"loc":{"start":{"line":19,"column":40},"end":{"line":131,"column":3}}},"1":{"name":"(anonymous_2)","decl":{"start":{"line":139,"column":2},"end":{"line":139,"column":7}},"loc":{"start":{"line":139,"column":40},"end":{"line":170,"column":3}}},"2":{"name":"(anonymous_3)","decl":{"start":{"line":177,"column":2},"end":{"line":177,"column":7}},"loc":{"start":{"line":177,"column":40},"end":{"line":242,"column":3}}},"3":{"name":"(anonymous_4)","decl":{"start":{"line":250,"column":2},"end":{"line":250,"column":7}},"loc":{"start":{"line":250,"column":40},"end":{"line":273,"column":3}}}},"branchMap":{"0":{"loc":{"start":{"line":24,"column":4},"end":{"line":26,"column":5}},"type":"if","locations":[{"start":{"line":24,"column":4},"end":{"line":26,"column":5}},{"start":{},"end":{}}]},"1":{"loc":{"start":{"line":41,"column":4},"end":{"line":43,"column":5}},"type":"if","locations":[{"start":{"line":41,"column":4},"end":{"line":43,"column":5}},{"start":{},"end":{}}]},"2":{"loc":{"start":{"line":45,"column":4},"end":{"line":47,"column":5}},"type":"if","locations":[{"start":{"line":45,"column":4},"end":{"line":47,"column":5}},{"start":{},"end":{}}]},"3":{"loc":{"start":{"line":57,"column":4},"end":{"line":62,"column":5}},"type":"if","locations":[{"start":{"line":57,"column":4},"end":{"line":62,"column":5}},{"start":{},"end":{}}]},"4":{"loc":{"start":{"line":57,"column":8},"end":{"line":57,"column":74}},"type":"binary-expr","locations":[{"start":{"line":57,"column":8},"end":{"line":57,"column":34}},{"start":{"line":57,"column":38},"end":{"line":57,"column":74}}]},"5":{"loc":{"start":{"line":57,"column":39},"end":{"line":57,"column":68}},"type":"binary-expr","locations":[{"start":{"line":57,"column":39},"end":{"line":57,"column":63}},{"start":{"line":57,"column":67},"end":{"line":57,"column":68}}]},"6":{"loc":{"start":{"line":69,"column":4},"end":{"line":81,"column":5}},"type":"if","locations":[{"start":{"line":69,"column":4},"end":{"line":81,"column":5}},{"start":{},"end":{}}]},"7":{"loc":{"start":{"line":78,"column":6},"end":{"line":80,"column":7}},"type":"if","locations":[{"start":{"line":78,"column":6},"end":{"line":80,"column":7}},{"start":{},"end":{}}]},"8":{"loc":{"start":{"line":93,"column":4},"end":{"line":95,"column":5}},"type":"if","locations":[{"start":{"line":93,"column":4},"end":{"line":95,"column":5}},{"start":{},"end":{}}]},"9":{"loc":{"start":{"line":106,"column":14},"end":{"line":106,"column":30}},"type":"binary-expr","locations":[{"start":{"line":106,"column":14},"end":{"line":106,"column":18}},{"start":{"line":106,"column":22},"end":{"line":106,"column":30}}]},"10":{"loc":{"start":{"line":154,"column":4},"end":{"line":154,"column":61}},"type":"if","locations":[{"start":{"line":154,"column":4},"end":{"line":154,"column":61}},{"start":{},"end":{}}]},"11":{"loc":{"start":{"line":156,"column":4},"end":{"line":158,"column":5}},"type":"if","locations":[{"start":{"line":156,"column":4},"end":{"line":158,"column":5}},{"start":{},"end":{}}]},"12":{"loc":{"start":{"line":160,"column":4},"end":{"line":167,"column":5}},"type":"if","locations":[{"start":{"line":160,"column":4},"end":{"line":167,"column":5}},{"start":{},"end":{}}]},"13":{"loc":{"start":{"line":192,"column":4},"end":{"line":192,"column":61}},"type":"if","locations":[{"start":{"line":192,"column":4},"end":{"line":192,"column":61}},{"start":{},"end":{}}]},"14":{"loc":{"start":{"line":193,"column":4},"end":{"line":195,"column":5}},"type":"if","locations":[{"start":{"line":193,"column":4},"end":{"line":195,"column":5}},{"start":{},"end":{}}]},"15":{"loc":{"start":{"line":196,"column":4},"end":{"line":198,"column":5}},"type":"if","locations":[{"start":{"line":196,"column":4},"end":{"line":198,"column":5}},{"start":{},"end":{}}]},"16":{"loc":{"start":{"line":201,"column":4},"end":{"line":203,"column":5}},"type":"if","locations":[{"start":{"line":201,"column":4},"end":{"line":203,"column":5}},{"start":{},"end":{}}]},"17":{"loc":{"start":{"line":201,"column":8},"end":{"line":201,"column":80}},"type":"binary-expr","locations":[{"start":{"line":201,"column":8},"end":{"line":201,"column":40}},{"start":{"line":201,"column":44},"end":{"line":201,"column":80}}]},"18":{"loc":{"start":{"line":215,"column":4},"end":{"line":217,"column":5}},"type":"if","locations":[{"start":{"line":215,"column":4},"end":{"line":217,"column":5}},{"start":{},"end":{}}]},"19":{"loc":{"start":{"line":254,"column":4},"end":{"line":254,"column":70}},"type":"if","locations":[{"start":{"line":254,"column":4},"end":{"line":254,"column":70}},{"start":{},"end":{}}]},"20":{"loc":{"start":{"line":262,"column":4},"end":{"line":262,"column":58}},"type":"if","locations":[{"start":{"line":262,"column":4},"end":{"line":262,"column":58}},{"start":{},"end":{}}]}},"s":{"0":4,"1":4,"2":4,"3":4,"4":4,"5":4,"6":4,"7":4,"8":0,"9":0,"10":0,"11":0,"12":0,"13":0,"14":0,"15":0,"16":0,"17":0,"18":0,"19":0,"20":0,"21":0,"22":0,"23":0,"24":0,"25":0,"26":0,"27":0,"28":0,"29":0,"30":0,"31":0,"32":0,"33":0,"34":4,"35":0,"36":0,"37":0,"38":0,"39":0,"40":0,"41":0,"42":0,"43":0,"44":0,"45":4,"46":0,"47":0,"48":0,"49":0,"50":0,"51":0,"52":0,"53":0,"54":0,"55":0,"56":0,"57":0,"58":0,"59":0,"60":0,"61":0,"62":4,"63":0,"64":0,"65":0,"66":0,"67":0,"68":0,"69":0,"70":0,"71":0},"f":{"0":0,"1":0,"2":0,"3":0},"b":{"0":[0,0],"1":[0,0],"2":[0,0],"3":[0,0],"4":[0,0],"5":[0,0],"6":[0,0],"7":[0,0],"8":[0,0],"9":[0,0],"10":[0,0],"11":[0,0],"12":[0,0],"13":[0,0],"14":[0,0],"15":[0,0],"16":[0,0],"17":[0,0],"18":[0,0],"19":[0,0],"20":[0,0]}}
,"C:\\Users\\PC\\OneDrive\\Desktop\\Typescript-projects-practice\\recents_projects\\Task_Flow_app\\apps\\api\\src\\controllers\\member.controller.ts": {"path":"C:\\Users\\PC\\OneDrive\\Desktop\\Typescript-projects-practice\\recents_projects\\Task_Flow_app\\apps\\api\\src\\controllers\\member.controller.ts","statementMap":{"0":{"start":{"line":2,"column":0},"end":{"line":2,"column":39}},"1":{"start":{"line":3,"column":0},"end":{"line":3,"column":41}},"2":{"start":{"line":4,"column":0},"end":{"line":4,"column":51}},"3":{"start":{"line":10,"column":13},"end":{"line":41,"column":2}},"4":{"start":{"line":12,"column":20},"end":{"line":12,"column":43}},"5":{"start":{"line":13,"column":24},"end":{"line":13,"column":55}},"6":{"start":{"line":15,"column":4},"end":{"line":15,"column":70}},"7":{"start":{"line":15,"column":22},"end":{"line":15,"column":70}},"8":{"start":{"line":18,"column":22},"end":{"line":20,"column":6}},"9":{"start":{"line":21,"column":4},"end":{"line":21,"column":61}},"10":{"start":{"line":21,"column":20},"end":{"line":21,"column":61}},"11":{"start":{"line":23,"column":20},"end":{"line":37,"column":6}},"12":{"start":{"line":39,"column":4},"end":{"line":39,"column":26}},"13":{"start":{"line":46,"column":13},"end":{"line":92,"column":2}},"14":{"start":{"line":48,"column":20},"end":{"line":48,"column":43}},"15":{"start":{"line":49,"column":21},"end":{"line":49,"column":44}},"16":{"start":{"line":51,"column":21},"end":{"line":51,"column":29}},"17":{"start":{"line":52,"column":4},"end":{"line":54,"column":5}},"18":{"start":{"line":53,"column":6},"end":{"line":53,"column":46}},"19":{"start":{"line":56,"column":25},"end":{"line":58,"column":6}},"20":{"start":{"line":59,"column":4},"end":{"line":59,"column":67}},"21":{"start":{"line":59,"column":23},"end":{"line":59,"column":67}},"22":{"start":{"line":62,"column":22},"end":{"line":69,"column":6}},"23":{"start":{"line":71,"column":4},"end":{"line":73,"column":5}},"24":{"start":{"line":72,"column":6},"end":{"line":72,"column":62}},"25":{"start":{"line":76,"column":4},"end":{"line":78,"column":5}},"26":{"start":{"line":77,"column":6},"end":{"line":77,"column":60}},"27":{"start":{"line":80,"column":20},"end":{"line":88,"column":6}},"28":{"start":{"line":90,"column":4},"end":{"line":90,"column":59}},"29":{"start":{"line":97,"column":13},"end":{"line":130,"column":2}},"30":{"start":{"line":99,"column":20},"end":{"line":99,"column":43}},"31":{"start":{"line":100,"column":21},"end":{"line":100,"column":44}},"32":{"start":{"line":102,"column":25},"end":{"line":104,"column":6}},"33":{"start":{"line":105,"column":4},"end":{"line":105,"column":67}},"34":{"start":{"line":105,"column":23},"end":{"line":105,"column":67}},"35":{"start":{"line":108,"column":22},"end":{"line":115,"column":6}},"36":{"start":{"line":117,"column":4},"end":{"line":119,"column":5}},"37":{"start":{"line":118,"column":6},"end":{"line":118,"column":64}},"38":{"start":{"line":122,"column":4},"end":{"line":124,"column":5}},"39":{"start":{"line":123,"column":6},"end":{"line":123,"column":67}},"40":{"start":{"line":126,"column":4},"end":{"line":126,"column":60}},"41":{"start":{"line":128,"column":4},"end":{"line":128,"column":57}}},"fnMap":{"0":{"name":"(anonymous_1)","decl":{"start":{"line":11,"column":2},"end":{"line":11,"column":7}},"loc":{"start":{"line":11,"column":40},"end":{"line":40,"column":3}}},"1":{"name":"(anonymous_2)","decl":{"start":{"line":47,"column":2},"end":{"line":47,"column":7}},"loc":{"start":{"line":47,"column":40},"end":{"line":91,"column":3}}},"2":{"name":"(anonymous_3)","decl":{"start":{"line":98,"column":2},"end":{"line":98,"column":7}},"loc":{"start":{"line":98,"column":40},"end":{"line":129,"column":3}}}},"branchMap":{"0":{"loc":{"start":{"line":15,"column":4},"end":{"line":15,"column":70}},"type":"if","locations":[{"start":{"line":15,"column":4},"end":{"line":15,"column":70}},{"start":{},"end":{}}]},"1":{"loc":{"start":{"line":21,"column":4},"end":{"line":21,"column":61}},"type":"if","locations":[{"start":{"line":21,"column":4},"end":{"line":21,"column":61}},{"start":{},"end":{}}]},"2":{"loc":{"start":{"line":52,"column":4},"end":{"line":54,"column":5}},"type":"if","locations":[{"start":{"line":52,"column":4},"end":{"line":54,"column":5}},{"start":{},"end":{}}]},"3":{"loc":{"start":{"line":59,"column":4},"end":{"line":59,"column":67}},"type":"if","locations":[{"start":{"line":59,"column":4},"end":{"line":59,"column":67}},{"start":{},"end":{}}]},"4":{"loc":{"start":{"line":71,"column":4},"end":{"line":73,"column":5}},"type":"if","locations":[{"start":{"line":71,"column":4},"end":{"line":73,"column":5}},{"start":{},"end":{}}]},"5":{"loc":{"start":{"line":76,"column":4},"end":{"line":78,"column":5}},"type":"if","locations":[{"start":{"line":76,"column":4},"end":{"line":78,"column":5}},{"start":{},"end":{}}]},"6":{"loc":{"start":{"line":105,"column":4},"end":{"line":105,"column":67}},"type":"if","locations":[{"start":{"line":105,"column":4},"end":{"line":105,"column":67}},{"start":{},"end":{}}]},"7":{"loc":{"start":{"line":117,"column":4},"end":{"line":119,"column":5}},"type":"if","locations":[{"start":{"line":117,"column":4},"end":{"line":119,"column":5}},{"start":{},"end":{}}]},"8":{"loc":{"start":{"line":122,"column":4},"end":{"line":124,"column":5}},"type":"if","locations":[{"start":{"line":122,"column":4},"end":{"line":124,"column":5}},{"start":{},"end":{}}]}},"s":{"0":4,"1":4,"2":4,"3":4,"4":0,"5":0,"6":0,"7":0,"8":0,"9":0,"10":0,"11":0,"12":0,"13":4,"14":0,"15":0,"16":0,"17":0,"18":0,"19":0,"20":0,"21":0,"22":0,"23":0,"24":0,"25":0,"26":0,"27":0,"28":0,"29":4,"30":0,"31":0,"32":0,"33":0,"34":0,"35":0,"36":0,"37":0,"38":0,"39":0,"40":0,"41":0},"f":{"0":0,"1":0,"2":0},"b":{"0":[0,0],"1":[0,0],"2":[0,0],"3":[0,0],"4":[0,0],"5":[0,0],"6":[0,0],"7":[0,0],"8":[0,0]}}
,"C:\\Users\\PC\\OneDrive\\Desktop\\Typescript-projects-practice\\recents_projects\\Task_Flow_app\\apps\\api\\src\\controllers\\notification.controller.ts": {"path":"C:\\Users\\PC\\OneDrive\\Desktop\\Typescript-projects-practice\\recents_projects\\Task_Flow_app\\apps\\api\\src\\controllers\\notification.controller.ts","statementMap":{"0":{"start":{"line":2,"column":0},"end":{"line":2,"column":39}},"1":{"start":{"line":3,"column":0},"end":{"line":3,"column":51}},"2":{"start":{"line":4,"column":0},"end":{"line":4,"column":39}},"3":{"start":{"line":10,"column":13},"end":{"line":26,"column":2}},"4":{"start":{"line":12,"column":20},"end":{"line":12,"column":43}},"5":{"start":{"line":14,"column":26},"end":{"line":18,"column":6}},"6":{"start":{"line":20,"column":24},"end":{"line":22,"column":6}},"7":{"start":{"line":24,"column":4},"end":{"line":24,"column":45}},"8":{"start":{"line":32,"column":13},"end":{"line":43,"column":2}},"9":{"start":{"line":34,"column":20},"end":{"line":34,"column":43}},"10":{"start":{"line":36,"column":4},"end":{"line":39,"column":7}},"11":{"start":{"line":41,"column":4},"end":{"line":41,"column":62}},"12":{"start":{"line":49,"column":13},"end":{"line":68,"column":2}},"13":{"start":{"line":51,"column":20},"end":{"line":51,"column":43}},"14":{"start":{"line":52,"column":15},"end":{"line":52,"column":38}},"15":{"start":{"line":54,"column":25},"end":{"line":56,"column":6}},"16":{"start":{"line":58,"column":4},"end":{"line":58,"column":73}},"17":{"start":{"line":58,"column":23},"end":{"line":58,"column":73}},"18":{"start":{"line":59,"column":4},"end":{"line":59,"column":81}},"19":{"start":{"line":59,"column":40},"end":{"line":59,"column":81}},"20":{"start":{"line":61,"column":4},"end":{"line":64,"column":7}},"21":{"start":{"line":66,"column":4},"end":{"line":66,"column":57}},"22":{"start":{"line":74,"column":13},"end":{"line":84,"column":2}},"23":{"start":{"line":76,"column":20},"end":{"line":76,"column":43}},"24":{"start":{"line":78,"column":4},"end":{"line":80,"column":7}},"25":{"start":{"line":82,"column":4},"end":{"line":82,"column":55}}},"fnMap":{"0":{"name":"(anonymous_1)","decl":{"start":{"line":11,"column":2},"end":{"line":11,"column":7}},"loc":{"start":{"line":11,"column":40},"end":{"line":25,"column":3}}},"1":{"name":"(anonymous_2)","decl":{"start":{"line":33,"column":2},"end":{"line":33,"column":7}},"loc":{"start":{"line":33,"column":40},"end":{"line":42,"column":3}}},"2":{"name":"(anonymous_3)","decl":{"start":{"line":50,"column":2},"end":{"line":50,"column":7}},"loc":{"start":{"line":50,"column":40},"end":{"line":67,"column":3}}},"3":{"name":"(anonymous_4)","decl":{"start":{"line":75,"column":2},"end":{"line":75,"column":7}},"loc":{"start":{"line":75,"column":40},"end":{"line":83,"column":3}}}},"branchMap":{"0":{"loc":{"start":{"line":58,"column":4},"end":{"line":58,"column":73}},"type":"if","locations":[{"start":{"line":58,"column":4},"end":{"line":58,"column":73}},{"start":{},"end":{}}]},"1":{"loc":{"start":{"line":59,"column":4},"end":{"line":59,"column":81}},"type":"if","locations":[{"start":{"line":59,"column":4},"end":{"line":59,"column":81}},{"start":{},"end":{}}]}},"s":{"0":4,"1":4,"2":4,"3":4,"4":0,"5":0,"6":0,"7":0,"8":4,"9":0,"10":0,"11":0,"12":4,"13":0,"14":0,"15":0,"16":0,"17":0,"18":0,"19":0,"20":0,"21":0,"22":4,"23":0,"24":0,"25":0},"f":{"0":0,"1":0,"2":0,"3":0},"b":{"0":[0,0],"1":[0,0]}}
,"C:\\Users\\PC\\OneDrive\\Desktop\\Typescript-projects-practice\\recents_projects\\Task_Flow_app\\apps\\api\\src\\controllers\\project.controller.ts": {"path":"C:\\Users\\PC\\OneDrive\\Desktop\\Typescript-projects-practice\\recents_projects\\Task_Flow_app\\apps\\api\\src\\controllers\\project.controller.ts","statementMap":{"0":{"start":{"line":2,"column":0},"end":{"line":2,"column":39}},"1":{"start":{"line":3,"column":0},"end":{"line":3,"column":39}},"2":{"start":{"line":4,"column":0},"end":{"line":4,"column":51}},"3":{"start":{"line":5,"column":0},"end":{"line":5,"column":24}},"4":{"start":{"line":10,"column":28},"end":{"line":14,"column":2}},"5":{"start":{"line":16,"column":28},"end":{"line":20,"column":2}},"6":{"start":{"line":26,"column":17},"end":{"line":30,"column":4}},"7":{"start":{"line":31,"column":2},"end":{"line":31,"column":56}},"8":{"start":{"line":31,"column":15},"end":{"line":31,"column":56}},"9":{"start":{"line":32,"column":2},"end":{"line":32,"column":16}},"10":{"start":{"line":38,"column":13},"end":{"line":67,"column":2}},"11":{"start":{"line":40,"column":20},"end":{"line":40,"column":43}},"12":{"start":{"line":41,"column":28},"end":{"line":41,"column":37}},"13":{"start":{"line":43,"column":4},"end":{"line":43,"column":73}},"14":{"start":{"line":43,"column":22},"end":{"line":43,"column":73}},"15":{"start":{"line":46,"column":4},"end":{"line":46,"column":54}},"16":{"start":{"line":48,"column":21},"end":{"line":63,"column":6}},"17":{"start":{"line":65,"column":4},"end":{"line":65,"column":27}},"18":{"start":{"line":72,"column":13},"end":{"line":94,"column":2}},"19":{"start":{"line":74,"column":20},"end":{"line":74,"column":43}},"20":{"start":{"line":75,"column":19},"end":{"line":75,"column":29}},"21":{"start":{"line":77,"column":20},"end":{"line":85,"column":6}},"22":{"start":{"line":87,"column":4},"end":{"line":87,"column":63}},"23":{"start":{"line":87,"column":18},"end":{"line":87,"column":63}},"24":{"start":{"line":90,"column":4},"end":{"line":90,"column":52}},"25":{"start":{"line":92,"column":4},"end":{"line":92,"column":26}},"26":{"start":{"line":99,"column":13},"end":{"line":151,"column":2}},"27":{"start":{"line":101,"column":20},"end":{"line":101,"column":43}},"28":{"start":{"line":102,"column":28},"end":{"line":102,"column":36}},"29":{"start":{"line":104,"column":4},"end":{"line":104,"column":73}},"30":{"start":{"line":104,"column":22},"end":{"line":104,"column":73}},"31":{"start":{"line":107,"column":19},"end":{"line":107,"column":58}},"32":{"start":{"line":108,"column":4},"end":{"line":110,"column":5}},"33":{"start":{"line":109,"column":6},"end":{"line":109,"column":62}},"34":{"start":{"line":113,"column":4},"end":{"line":113,"column":44}},"35":{"start":{"line":116,"column":22},"end":{"line":125,"column":6}},"36":{"start":{"line":127,"column":4},"end":{"line":135,"column":5}},"37":{"start":{"line":131,"column":6},"end":{"line":134,"column":8}},"38":{"start":{"line":137,"column":20},"end":{"line":144,"column":6}},"39":{"start":{"line":146,"column":4},"end":{"line":149,"column":7}},"40":{"start":{"line":156,"column":13},"end":{"line":182,"column":2}},"41":{"start":{"line":158,"column":20},"end":{"line":158,"column":43}},"42":{"start":{"line":159,"column":19},"end":{"line":159,"column":29}},"43":{"start":{"line":161,"column":20},"end":{"line":163,"column":6}},"44":{"start":{"line":164,"column":4},"end":{"line":164,"column":63}},"45":{"start":{"line":164,"column":18},"end":{"line":164,"column":63}},"46":{"start":{"line":167,"column":4},"end":{"line":167,"column":52}},"47":{"start":{"line":170,"column":19},"end":{"line":170,"column":58}},"48":{"start":{"line":171,"column":4},"end":{"line":173,"column":5}},"49":{"start":{"line":172,"column":6},"end":{"line":172,"column":62}},"50":{"start":{"line":175,"column":20},"end":{"line":178,"column":6}},"51":{"start":{"line":180,"column":4},"end":{"line":180,"column":63}},"52":{"start":{"line":187,"column":13},"end":{"line":211,"column":2}},"53":{"start":{"line":189,"column":20},"end":{"line":189,"column":43}},"54":{"start":{"line":190,"column":19},"end":{"line":190,"column":29}},"55":{"start":{"line":192,"column":20},"end":{"line":194,"column":6}},"56":{"start":{"line":195,"column":4},"end":{"line":195,"column":63}},"57":{"start":{"line":195,"column":18},"end":{"line":195,"column":63}},"58":{"start":{"line":198,"column":19},"end":{"line":198,"column":66}},"59":{"start":{"line":199,"column":4},"end":{"line":201,"column":5}},"60":{"start":{"line":200,"column":6},"end":{"line":200,"column":76}},"61":{"start":{"line":204,"column":4},"end":{"line":207,"column":7}},"62":{"start":{"line":209,"column":4},"end":{"line":209,"column":58}}},"fnMap":{"0":{"name":"verifyMember","decl":{"start":{"line":25,"column":15},"end":{"line":25,"column":27}},"loc":{"start":{"line":25,"column":63},"end":{"line":33,"column":1}}},"1":{"name":"(anonymous_2)","decl":{"start":{"line":39,"column":2},"end":{"line":39,"column":7}},"loc":{"start":{"line":39,"column":40},"end":{"line":66,"column":3}}},"2":{"name":"(anonymous_3)","decl":{"start":{"line":73,"column":2},"end":{"line":73,"column":7}},"loc":{"start":{"line":73,"column":40},"end":{"line":93,"column":3}}},"3":{"name":"(anonymous_4)","decl":{"start":{"line":100,"column":2},"end":{"line":100,"column":7}},"loc":{"start":{"line":100,"column":40},"end":{"line":150,"column":3}}},"4":{"name":"(anonymous_5)","decl":{"start":{"line":157,"column":2},"end":{"line":157,"column":7}},"loc":{"start":{"line":157,"column":40},"end":{"line":181,"column":3}}},"5":{"name":"(anonymous_6)","decl":{"start":{"line":188,"column":2},"end":{"line":188,"column":7}},"loc":{"start":{"line":188,"column":40},"end":{"line":210,"column":3}}}},"branchMap":{"0":{"loc":{"start":{"line":31,"column":2},"end":{"line":31,"column":56}},"type":"if","locations":[{"start":{"line":31,"column":2},"end":{"line":31,"column":56}},{"start":{},"end":{}}]},"1":{"loc":{"start":{"line":43,"column":4},"end":{"line":43,"column":73}},"type":"if","locations":[{"start":{"line":43,"column":4},"end":{"line":43,"column":73}},{"start":{},"end":{}}]},"2":{"loc":{"start":{"line":87,"column":4},"end":{"line":87,"column":63}},"type":"if","locations":[{"start":{"line":87,"column":4},"end":{"line":87,"column":63}},{"start":{},"end":{}}]},"3":{"loc":{"start":{"line":104,"column":4},"end":{"line":104,"column":73}},"type":"if","locations":[{"start":{"line":104,"column":4},"end":{"line":104,"column":73}},{"start":{},"end":{}}]},"4":{"loc":{"start":{"line":108,"column":4},"end":{"line":110,"column":5}},"type":"if","locations":[{"start":{"line":108,"column":4},"end":{"line":110,"column":5}},{"start":{},"end":{}}]},"5":{"loc":{"start":{"line":127,"column":4},"end":{"line":135,"column":5}},"type":"if","locations":[{"start":{"line":127,"column":4},"end":{"line":135,"column":5}},{"start":{},"end":{}}]},"6":{"loc":{"start":{"line":128,"column":6},"end":{"line":129,"column":36}},"type":"binary-expr","locations":[{"start":{"line":128,"column":6},"end":{"line":128,"column":32}},{"start":{"line":129,"column":6},"end":{"line":129,"column":36}}]},"7":{"loc":{"start":{"line":141,"column":15},"end":{"line":141,"column":45}},"type":"binary-expr","locations":[{"start":{"line":141,"column":15},"end":{"line":141,"column":32}},{"start":{"line":141,"column":36},"end":{"line":141,"column":45}}]},"8":{"loc":{"start":{"line":164,"column":4},"end":{"line":164,"column":63}},"type":"if","locations":[{"start":{"line":164,"column":4},"end":{"line":164,"column":63}},{"start":{},"end":{}}]},"9":{"loc":{"start":{"line":171,"column":4},"end":{"line":173,"column":5}},"type":"if","locations":[{"start":{"line":171,"column":4},"end":{"line":173,"column":5}},{"start":{},"end":{}}]},"10":{"loc":{"start":{"line":195,"column":4},"end":{"line":195,"column":63}},"type":"if","locations":[{"start":{"line":195,"column":4},"end":{"line":195,"column":63}},{"start":{},"end":{}}]},"11":{"loc":{"start":{"line":199,"column":4},"end":{"line":201,"column":5}},"type":"if","locations":[{"start":{"line":199,"column":4},"end":{"line":201,"column":5}},{"start":{},"end":{}}]}},"s":{"0":4,"1":4,"2":4,"3":4,"4":4,"5":4,"6":0,"7":0,"8":0,"9":0,"10":4,"11":0,"12":0,"13":0,"14":0,"15":0,"16":0,"17":0,"18":4,"19":0,"20":0,"21":0,"22":0,"23":0,"24":0,"25":0,"26":4,"27":0,"28":0,"29":0,"30":0,"31":0,"32":0,"33":0,"34":0,"35":0,"36":0,"37":0,"38":0,"39":0,"40":4,"41":0,"42":0,"43":0,"44":0,"45":0,"46":0,"47":0,"48":0,"49":0,"50":0,"51":0,"52":4,"53":0,"54":0,"55":0,"56":0,"57":0,"58":0,"59":0,"60":0,"61":0,"62":0},"f":{"0":0,"1":0,"2":0,"3":0,"4":0,"5":0},"b":{"0":[0,0],"1":[0,0],"2":[0,0],"3":[0,0],"4":[0,0],"5":[0,0],"6":[0,0],"7":[0,0],"8":[0,0],"9":[0,0],"10":[0,0],"11":[0,0]}}
,"C:\\Users\\PC\\OneDrive\\Desktop\\Typescript-projects-practice\\recents_projects\\Task_Flow_app\\apps\\api\\src\\controllers\\setting.controller.ts": {"path":"C:\\Users\\PC\\OneDrive\\Desktop\\Typescript-projects-practice\\recents_projects\\Task_Flow_app\\apps\\api\\src\\controllers\\setting.controller.ts","statementMap":{"0":{"start":{"line":2,"column":0},"end":{"line":2,"column":39}},"1":{"start":{"line":3,"column":0},"end":{"line":3,"column":39}},"2":{"start":{"line":4,"column":0},"end":{"line":4,"column":51}},"3":{"start":{"line":5,"column":0},"end":{"line":5,"column":30}},"4":{"start":{"line":6,"column":0},"end":{"line":6,"column":24}},"5":{"start":{"line":7,"column":0},"end":{"line":7,"column":39}},"6":{"start":{"line":8,"column":0},"end":{"line":8,"column":39}},"7":{"start":{"line":13,"column":28},"end":{"line":16,"column":2}},"8":{"start":{"line":18,"column":29},"end":{"line":30,"column":null}},"9":{"start":{"line":26,"column":12},"end":{"line":26,"column":53}},"10":{"start":{"line":33,"column":30},"end":{"line":36,"column":2}},"11":{"start":{"line":38,"column":30},"end":{"line":41,"column":2}},"12":{"start":{"line":47,"column":13},"end":{"line":84,"column":2}},"13":{"start":{"line":49,"column":20},"end":{"line":49,"column":43}},"14":{"start":{"line":51,"column":19},"end":{"line":51,"column":58}},"15":{"start":{"line":52,"column":4},"end":{"line":54,"column":5}},"16":{"start":{"line":53,"column":6},"end":{"line":53,"column":62}},"17":{"start":{"line":56,"column":28},"end":{"line":56,"column":39}},"18":{"start":{"line":59,"column":4},"end":{"line":66,"column":5}},"19":{"start":{"line":60,"column":23},"end":{"line":62,"column":8}},"20":{"start":{"line":63,"column":6},"end":{"line":65,"column":7}},"21":{"start":{"line":64,"column":8},"end":{"line":64,"column":56}},"22":{"start":{"line":68,"column":17},"end":{"line":77,"column":6}},"23":{"start":{"line":79,"column":4},"end":{"line":82,"column":7}},"24":{"start":{"line":90,"column":13},"end":{"line":123,"column":2}},"25":{"start":{"line":92,"column":20},"end":{"line":92,"column":43}},"26":{"start":{"line":94,"column":19},"end":{"line":94,"column":59}},"27":{"start":{"line":95,"column":4},"end":{"line":97,"column":5}},"28":{"start":{"line":96,"column":6},"end":{"line":96,"column":62}},"29":{"start":{"line":99,"column":45},"end":{"line":99,"column":56}},"30":{"start":{"line":102,"column":17},"end":{"line":104,"column":6}},"31":{"start":{"line":105,"column":4},"end":{"line":105,"column":57}},"32":{"start":{"line":105,"column":15},"end":{"line":105,"column":57}},"33":{"start":{"line":108,"column":20},"end":{"line":108,"column":72}},"34":{"start":{"line":109,"column":4},"end":{"line":111,"column":5}},"35":{"start":{"line":110,"column":6},"end":{"line":110,"column":63}},"36":{"start":{"line":114,"column":19},"end":{"line":114,"column":53}},"37":{"start":{"line":116,"column":4},"end":{"line":119,"column":7}},"38":{"start":{"line":121,"column":4},"end":{"line":121,"column":59}},"39":{"start":{"line":129,"column":13},"end":{"line":175,"column":2}},"40":{"start":{"line":131,"column":20},"end":{"line":131,"column":43}},"41":{"start":{"line":133,"column":19},"end":{"line":133,"column":60}},"42":{"start":{"line":134,"column":4},"end":{"line":136,"column":5}},"43":{"start":{"line":135,"column":6},"end":{"line":135,"column":62}},"44":{"start":{"line":138,"column":34},"end":{"line":138,"column":45}},"45":{"start":{"line":141,"column":19},"end":{"line":145,"column":6}},"46":{"start":{"line":147,"column":4},"end":{"line":147,"column":58}},"47":{"start":{"line":147,"column":17},"end":{"line":147,"column":58}},"48":{"start":{"line":148,"column":4},"end":{"line":150,"column":5}},"49":{"start":{"line":149,"column":6},"end":{"line":149,"column":75}},"50":{"start":{"line":153,"column":17},"end":{"line":157,"column":13}},"51":{"start":{"line":159,"column":22},"end":{"line":168,"column":6}},"52":{"start":{"line":170,"column":4},"end":{"line":173,"column":7}},"53":{"start":{"line":181,"column":13},"end":{"line":237,"column":2}},"54":{"start":{"line":183,"column":20},"end":{"line":183,"column":43}},"55":{"start":{"line":185,"column":19},"end":{"line":185,"column":60}},"56":{"start":{"line":186,"column":4},"end":{"line":188,"column":5}},"57":{"start":{"line":187,"column":6},"end":{"line":187,"column":62}},"58":{"start":{"line":190,"column":41},"end":{"line":190,"column":52}},"59":{"start":{"line":193,"column":19},"end":{"line":198,"column":6}},"60":{"start":{"line":200,"column":4},"end":{"line":200,"column":58}},"61":{"start":{"line":200,"column":17},"end":{"line":200,"column":58}},"62":{"start":{"line":201,"column":4},"end":{"line":203,"column":5}},"63":{"start":{"line":202,"column":6},"end":{"line":202,"column":67}},"64":{"start":{"line":206,"column":4},"end":{"line":208,"column":5}},"65":{"start":{"line":207,"column":6},"end":{"line":207,"column":63}},"66":{"start":{"line":211,"column":4},"end":{"line":228,"column":5}},"67":{"start":{"line":212,"column":6},"end":{"line":227,"column":7}},"68":{"start":{"line":213,"column":20},"end":{"line":213,"column":94}},"69":{"start":{"line":214,"column":8},"end":{"line":216,"column":9}},"70":{"start":{"line":215,"column":10},"end":{"line":215,"column":83}},"71":{"start":{"line":220,"column":8},"end":{"line":226,"column":9}},"72":{"start":{"line":221,"column":10},"end":{"line":221,"column":124}},"73":{"start":{"line":222,"column":10},"end":{"line":225,"column":12}},"74":{"start":{"line":231,"column":4},"end":{"line":233,"column":7}},"75":{"start":{"line":235,"column":4},"end":{"line":235,"column":60}}},"fnMap":{"0":{"name":"(anonymous_1)","decl":{"start":{"line":26,"column":2},"end":{"line":26,"column":3}},"loc":{"start":{"line":26,"column":12},"end":{"line":26,"column":53}}},"1":{"name":"(anonymous_2)","decl":{"start":{"line":48,"column":2},"end":{"line":48,"column":7}},"loc":{"start":{"line":48,"column":40},"end":{"line":83,"column":3}}},"2":{"name":"(anonymous_3)","decl":{"start":{"line":91,"column":2},"end":{"line":91,"column":7}},"loc":{"start":{"line":91,"column":40},"end":{"line":122,"column":3}}},"3":{"name":"(anonymous_4)","decl":{"start":{"line":130,"column":2},"end":{"line":130,"column":7}},"loc":{"start":{"line":130,"column":40},"end":{"line":174,"column":3}}},"4":{"name":"(anonymous_5)","decl":{"start":{"line":182,"column":2},"end":{"line":182,"column":7}},"loc":{"start":{"line":182,"column":40},"end":{"line":236,"column":3}}}},"branchMap":{"0":{"loc":{"start":{"line":52,"column":4},"end":{"line":54,"column":5}},"type":"if","locations":[{"start":{"line":52,"column":4},"end":{"line":54,"column":5}},{"start":{},"end":{}}]},"1":{"loc":{"start":{"line":59,"column":4},"end":{"line":66,"column":5}},"type":"if","locations":[{"start":{"line":59,"column":4},"end":{"line":66,"column":5}},{"start":{},"end":{}}]},"2":{"loc":{"start":{"line":63,"column":6},"end":{"line":65,"column":7}},"type":"if","locations":[{"start":{"line":63,"column":6},"end":{"line":65,"column":7}},{"start":{},"end":{}}]},"3":{"loc":{"start":{"line":63,"column":10},"end":{"line":63,"column":44}},"type":"binary-expr","locations":[{"start":{"line":63,"column":10},"end":{"line":63,"column":18}},{"start":{"line":63,"column":22},"end":{"line":63,"column":44}}]},"4":{"loc":{"start":{"line":95,"column":4},"end":{"line":97,"column":5}},"type":"if","locations":[{"start":{"line":95,"column":4},"end":{"line":97,"column":5}},{"start":{},"end":{}}]},"5":{"loc":{"start":{"line":105,"column":4},"end":{"line":105,"column":57}},"type":"if","locations":[{"start":{"line":105,"column":4},"end":{"line":105,"column":57}},{"start":{},"end":{}}]},"6":{"loc":{"start":{"line":109,"column":4},"end":{"line":111,"column":5}},"type":"if","locations":[{"start":{"line":109,"column":4},"end":{"line":111,"column":5}},{"start":{},"end":{}}]},"7":{"loc":{"start":{"line":134,"column":4},"end":{"line":136,"column":5}},"type":"if","locations":[{"start":{"line":134,"column":4},"end":{"line":136,"column":5}},{"start":{},"end":{}}]},"8":{"loc":{"start":{"line":147,"column":4},"end":{"line":147,"column":58}},"type":"if","locations":[{"start":{"line":147,"column":4},"end":{"line":147,"column":58}},{"start":{},"end":{}}]},"9":{"loc":{"start":{"line":148,"column":4},"end":{"line":150,"column":5}},"type":"if","locations":[{"start":{"line":148,"column":4},"end":{"line":150,"column":5}},{"start":{},"end":{}}]},"10":{"loc":{"start":{"line":186,"column":4},"end":{"line":188,"column":5}},"type":"if","locations":[{"start":{"line":186,"column":4},"end":{"line":188,"column":5}},{"start":{},"end":{}}]},"11":{"loc":{"start":{"line":200,"column":4},"end":{"line":200,"column":58}},"type":"if","locations":[{"start":{"line":200,"column":4},"end":{"line":200,"column":58}},{"start":{},"end":{}}]},"12":{"loc":{"start":{"line":201,"column":4},"end":{"line":203,"column":5}},"type":"if","locations":[{"start":{"line":201,"column":4},"end":{"line":203,"column":5}},{"start":{},"end":{}}]},"13":{"loc":{"start":{"line":206,"column":4},"end":{"line":208,"column":5}},"type":"if","locations":[{"start":{"line":206,"column":4},"end":{"line":208,"column":5}},{"start":{},"end":{}}]},"14":{"loc":{"start":{"line":211,"column":4},"end":{"line":228,"column":5}},"type":"if","locations":[{"start":{"line":211,"column":4},"end":{"line":228,"column":5}},{"start":{},"end":{}}]},"15":{"loc":{"start":{"line":214,"column":8},"end":{"line":216,"column":9}},"type":"if","locations":[{"start":{"line":214,"column":8},"end":{"line":216,"column":9}},{"start":{},"end":{}}]},"16":{"loc":{"start":{"line":220,"column":8},"end":{"line":226,"column":9}},"type":"if","locations":[{"start":{"line":220,"column":8},"end":{"line":226,"column":9}},{"start":{},"end":{}}]}},"s":{"0":4,"1":4,"2":4,"3":4,"4":4,"5":4,"6":4,"7":4,"8":4,"9":0,"10":4,"11":4,"12":4,"13":0,"14":0,"15":0,"16":0,"17":0,"18":0,"19":0,"20":0,"21":0,"22":0,"23":0,"24":4,"25":0,"26":0,"27":0,"28":0,"29":0,"30":0,"31":0,"32":0,"33":0,"34":0,"35":0,"36":0,"37":0,"38":0,"39":4,"40":0,"41":0,"42":0,"43":0,"44":0,"45":0,"46":0,"47":0,"48":0,"49":0,"50":0,"51":0,"52":0,"53":4,"54":0,"55":0,"56":0,"57":0,"58":0,"59":0,"60":0,"61":0,"62":0,"63":0,"64":0,"65":0,"66":0,"67":0,"68":0,"69":0,"70":0,"71":0,"72":0,"73":0,"74":0,"75":0},"f":{"0":0,"1":0,"2":0,"3":0,"4":0},"b":{"0":[0,0],"1":[0,0],"2":[0,0],"3":[0,0],"4":[0,0],"5":[0,0],"6":[0,0],"7":[0,0],"8":[0,0],"9":[0,0],"10":[0,0],"11":[0,0],"12":[0,0],"13":[0,0],"14":[0,0],"15":[0,0],"16":[0,0]}}
,"C:\\Users\\PC\\OneDrive\\Desktop\\Typescript-projects-practice\\recents_projects\\Task_Flow_app\\apps\\api\\src\\controllers\\task.controller.ts": {"path":"C:\\Users\\PC\\OneDrive\\Desktop\\Typescript-projects-practice\\recents_projects\\Task_Flow_app\\apps\\api\\src\\controllers\\task.controller.ts","statementMap":{"0":{"start":{"line":36,"column":0},"end":{"line":36,"column":7}},"1":{"start":{"line":2,"column":0},"end":{"line":2,"column":39}},"2":{"start":{"line":3,"column":0},"end":{"line":3,"column":39}},"3":{"start":{"line":4,"column":0},"end":{"line":4,"column":51}},"4":{"start":{"line":5,"column":0},"end":{"line":5,"column":39}},"5":{"start":{"line":6,"column":0},"end":{"line":6,"column":59}},"6":{"start":{"line":7,"column":0},"end":{"line":7,"column":39}},"7":{"start":{"line":8,"column":0},"end":{"line":8,"column":24}},"8":{"start":{"line":13,"column":25},"end":{"line":21,"column":2}},"9":{"start":{"line":23,"column":25},"end":{"line":31,"column":2}},"10":{"start":{"line":37,"column":18},"end":{"line":40,"column":4}},"11":{"start":{"line":42,"column":2},"end":{"line":42,"column":61}},"12":{"start":{"line":42,"column":16},"end":{"line":42,"column":61}},"13":{"start":{"line":44,"column":17},"end":{"line":51,"column":4}},"14":{"start":{"line":53,"column":2},"end":{"line":53,"column":56}},"15":{"start":{"line":53,"column":15},"end":{"line":53,"column":56}},"16":{"start":{"line":55,"column":2},"end":{"line":55,"column":29}},"17":{"start":{"line":61,"column":13},"end":{"line":97,"column":2}},"18":{"start":{"line":63,"column":20},"end":{"line":63,"column":67}},"19":{"start":{"line":64,"column":22},"end":{"line":64,"column":51}},"20":{"start":{"line":66,"column":4},"end":{"line":66,"column":69}},"21":{"start":{"line":66,"column":20},"end":{"line":66,"column":69}},"22":{"start":{"line":69,"column":4},"end":{"line":69,"column":49}},"23":{"start":{"line":71,"column":18},"end":{"line":93,"column":6}},"24":{"start":{"line":95,"column":4},"end":{"line":95,"column":24}},"25":{"start":{"line":102,"column":13},"end":{"line":196,"column":2}},"26":{"start":{"line":104,"column":20},"end":{"line":104,"column":67}},"27":{"start":{"line":107,"column":19},"end":{"line":107,"column":55}},"28":{"start":{"line":108,"column":4},"end":{"line":110,"column":5}},"29":{"start":{"line":109,"column":6},"end":{"line":109,"column":62}},"30":{"start":{"line":120,"column":8},"end":{"line":120,"column":19}},"31":{"start":{"line":123,"column":24},"end":{"line":123,"column":68}},"32":{"start":{"line":126,"column":21},"end":{"line":133,"column":6}},"33":{"start":{"line":135,"column":21},"end":{"line":135,"column":63}},"34":{"start":{"line":137,"column":17},"end":{"line":162,"column":6}},"35":{"start":{"line":164,"column":4},"end":{"line":164,"column":84}},"36":{"start":{"line":166,"column":4},"end":{"line":189,"column":5}},"37":{"start":{"line":167,"column":22},"end":{"line":170,"column":8}},"38":{"start":{"line":172,"column":6},"end":{"line":176,"column":9}},"39":{"start":{"line":178,"column":6},"end":{"line":188,"column":7}},"40":{"start":{"line":179,"column":8},"end":{"line":187,"column":11}},"41":{"start":{"line":191,"column":4},"end":{"line":194,"column":7}},"42":{"start":{"line":201,"column":13},"end":{"line":276,"column":2}},"43":{"start":{"line":203,"column":20},"end":{"line":203,"column":67}},"44":{"start":{"line":204,"column":15},"end":{"line":204,"column":38}},"45":{"start":{"line":206,"column":17},"end":{"line":208,"column":6}},"46":{"start":{"line":209,"column":4},"end":{"line":209,"column":57}},"47":{"start":{"line":209,"column":15},"end":{"line":209,"column":57}},"48":{"start":{"line":212,"column":24},"end":{"line":212,"column":73}},"49":{"start":{"line":215,"column":19},"end":{"line":215,"column":55}},"50":{"start":{"line":216,"column":4},"end":{"line":218,"column":5}},"51":{"start":{"line":217,"column":6},"end":{"line":217,"column":62}},"52":{"start":{"line":220,"column":20},"end":{"line":241,"column":6}},"53":{"start":{"line":243,"column":4},"end":{"line":243,"column":96}},"54":{"start":{"line":245,"column":4},"end":{"line":272,"column":5}},"55":{"start":{"line":250,"column":22},"end":{"line":253,"column":8}},"56":{"start":{"line":255,"column":6},"end":{"line":259,"column":9}},"57":{"start":{"line":261,"column":6},"end":{"line":271,"column":7}},"58":{"start":{"line":262,"column":8},"end":{"line":270,"column":11}},"59":{"start":{"line":274,"column":4},"end":{"line":274,"column":57}},"60":{"start":{"line":282,"column":13},"end":{"line":309,"column":2}},"61":{"start":{"line":284,"column":20},"end":{"line":284,"column":67}},"62":{"start":{"line":285,"column":15},"end":{"line":285,"column":38}},"63":{"start":{"line":287,"column":33},"end":{"line":287,"column":41}},"64":{"start":{"line":289,"column":4},"end":{"line":289,"column":63}},"65":{"start":{"line":289,"column":17},"end":{"line":289,"column":63}},"66":{"start":{"line":291,"column":17},"end":{"line":293,"column":6}},"67":{"start":{"line":294,"column":4},"end":{"line":294,"column":57}},"68":{"start":{"line":294,"column":15},"end":{"line":294,"column":57}},"69":{"start":{"line":296,"column":4},"end":{"line":296,"column":54}},"70":{"start":{"line":298,"column":20},"end":{"line":304,"column":6}},"71":{"start":{"line":306,"column":4},"end":{"line":306,"column":64}},"72":{"start":{"line":307,"column":4},"end":{"line":307,"column":55}},"73":{"start":{"line":314,"column":13},"end":{"line":335,"column":2}},"74":{"start":{"line":316,"column":20},"end":{"line":316,"column":67}},"75":{"start":{"line":317,"column":15},"end":{"line":317,"column":38}},"76":{"start":{"line":319,"column":17},"end":{"line":321,"column":6}},"77":{"start":{"line":322,"column":4},"end":{"line":322,"column":57}},"78":{"start":{"line":322,"column":15},"end":{"line":322,"column":57}},"79":{"start":{"line":324,"column":4},"end":{"line":324,"column":54}},"80":{"start":{"line":327,"column":4},"end":{"line":330,"column":7}},"81":{"start":{"line":332,"column":4},"end":{"line":332,"column":62}},"82":{"start":{"line":333,"column":4},"end":{"line":333,"column":55}},"83":{"start":{"line":342,"column":13},"end":{"line":385,"column":2}},"84":{"start":{"line":344,"column":20},"end":{"line":344,"column":67}},"85":{"start":{"line":345,"column":24},"end":{"line":345,"column":67}},"86":{"start":{"line":347,"column":18},"end":{"line":373,"column":6}},"87":{"start":{"line":376,"column":20},"end":{"line":381,"column":6}},"88":{"start":{"line":377,"column":32},"end":{"line":377,"column":51}},"89":{"start":{"line":378,"column":39},"end":{"line":378,"column":65}},"90":{"start":{"line":379,"column":37},"end":{"line":379,"column":61}},"91":{"start":{"line":380,"column":32},"end":{"line":380,"column":51}},"92":{"start":{"line":383,"column":4},"end":{"line":383,"column":33}}},"fnMap":{"0":{"name":"verifyProjectAccess","decl":{"start":{"line":36,"column":22},"end":{"line":36,"column":41}},"loc":{"start":{"line":36,"column":75},"end":{"line":56,"column":1}}},"1":{"name":"(anonymous_2)","decl":{"start":{"li
[...]
,"C:\\Users\\PC\\OneDrive\\Desktop\\Typescript-projects-practice\\recents_projects\\Task_Flow_app\\apps\\api\\src\\controllers\\workspace.controller.ts": {"path":"C:\\Users\\PC\\OneDrive\\Desktop\\Typescript-projects-practice\\recents_projects\\Task_Flow_app\\apps\\api\\src\\controllers\\workspace.controller.ts","statementMap":{"0":{"start":{"line":2,"column":0},"end":{"line":2,"column":39}},"1":{"start":{"line":3,"column":0},"end":{"line":3,"column":39}},"2":{"start":{"line":4,"column":0},"end":{"line":4,"column":51}},"3":{"start":{"line":5,"column":0},"end":{"line":5,"column":24}},"4":{"start":{"line":7,"column":30},"end":{"line":9,"column":2}},"5":{"start":{"line":11,"column":13},"end":{"line":58,"column":2}},"6":{"start":{"line":13,"column":20},"end":{"line":13,"column":43}},"7":{"start":{"line":15,"column":19},"end":{"line":15,"column":60}},"8":{"start":{"line":16,"column":4},"end":{"line":18,"column":5}},"9":{"start":{"line":17,"column":6},"end":{"line":17,"column":62}},"10":{"start":{"line":20,"column":21},"end":{"line":20,"column":32}},"11":{"start":{"line":23,"column":17},"end":{"line":27,"column":13}},"12":{"start":{"line":29,"column":25},"end":{"line":31,"column":6}},"13":{"start":{"line":32,"column":22},"end":{"line":32,"column":67}},"14":{"start":{"line":35,"column":22},"end":{"line":46,"column":6}},"15":{"start":{"line":48,"column":4},"end":{"line":56,"column":7}}},"fnMap":{"0":{"name":"(anonymous_1)","decl":{"start":{"line":12,"column":2},"end":{"line":12,"column":7}},"loc":{"start":{"line":12,"column":40},"end":{"line":57,"column":3}}}},"branchMap":{"0":{"loc":{"start":{"line":16,"column":4},"end":{"line":18,"column":5}},"type":"if","locations":[{"start":{"line":16,"column":4},"end":{"line":18,"column":5}},{"start":{},"end":{}}]},"1":{"loc":{"start":{"line":32,"column":22},"end":{"line":32,"column":67}},"type":"cond-expr","locations":[{"start":{"line":32,"column":37},"end":{"line":32,"column":60}},{"start":{"line":32,"column":63},"end":{"line":32,"column":67}}]}},"s":{"0":4,"1":4,"2":4,"3":4,"4":4,"5":4,"6":0,"7":0,"8":0,"9":0,"10":0,"11":0,"12":0,"13":0,"14":0,"15":0},"f":{"0":0},"b":{"0":[0,0],"1":[0,0]}}
,"C:\\Users\\PC\\OneDrive\\Desktop\\Typescript-projects-practice\\recents_projects\\Task_Flow_app\\apps\\api\\src\\lib\\ApiError.ts": {"path":"C:\\Users\\PC\\OneDrive\\Desktop\\Typescript-projects-practice\\recents_projects\\Task_Flow_app\\apps\\api\\src\\lib\\ApiError.ts","statementMap":{"0":{"start":{"line":8,"column":8},"end":{"line":8,"column":23}},"1":{"start":{"line":9,"column":8},"end":{"line":9,"column":37}},"2":{"start":{"line":10,"column":8},"end":{"line":10,"column":34}},"3":{"start":{"line":13,"column":8},"end":{"line":13,"column":56}},"4":{"start":{"line":20,"column":0},"end":{"line":20,"column":24}}},"fnMap":{"0":{"name":"(anonymous_0)","decl":{"start":{"line":7,"column":4},"end":{"line":7,"column":16}},"loc":{"start":{"line":7,"column":51},"end":{"line":14,"column":5}}}},"branchMap":{},"s":{"0":14,"1":14,"2":14,"3":14,"4":4},"f":{"0":14},"b":{}}
,"C:\\Users\\PC\\OneDrive\\Desktop\\Typescript-projects-practice\\recents_projects\\Task_Flow_app\\apps\\api\\src\\lib\\logger.ts": {"path":"C:\\Users\\PC\\OneDrive\\Desktop\\Typescript-projects-practice\\recents_projects\\Task_Flow_app\\apps\\api\\src\\lib\\logger.ts","statementMap":{"0":{"start":{"line":1,"column":0},"end":{"line":1,"column":24}},"1":{"start":{"line":3,"column":21},"end":{"line":3,"column":58}},"2":{"start":{"line":4,"column":15},"end":{"line":4,"column":46}},"3":{"start":{"line":6,"column":13},"end":{"line":20,"column":3}},"4":{"start":{"line":22,"column":0},"end":{"line":22,"column":22}}},"fnMap":{},"branchMap":{"0":{"loc":{"start":{"line":7,"column":9},"end":{"line":7,"column":60}},"type":"cond-expr","locations":[{"start":{"line":7,"column":18},"end":{"line":7,"column":26}},{"start":{"line":7,"column":29},"end":{"line":7,"column":60}}]},"1":{"loc":{"start":{"line":7,"column":29},"end":{"line":7,"column":60}},"type":"binary-expr","locations":[{"start":{"line":7,"column":29},"end":{"line":7,"column":50}},{"start":{"line":7,"column":54},"end":{"line":7,"column":60}}]},"2":{"loc":{"start":{"line":8,"column":6},"end":{"line":19,"column":8}},"type":"cond-expr","locations":[{"start":{"line":9,"column":6},"end":{"line":9,"column":8}},{"start":{"line":10,"column":6},"end":{"line":19,"column":8}}]},"3":{"loc":{"start":{"line":8,"column":6},"end":{"line":8,"column":28}},"type":"binary-expr","locations":[{"start":{"line":8,"column":6},"end":{"line":8,"column":18}},{"start":{"line":8,"column":22},"end":{"line":8,"column":28}}]}},"s":{"0":4,"1":4,"2":4,"3":4,"4":4},"f":{},"b":{"0":[4,0],"1":[0,0],"2":[4,0],"3":[4,4]}}
,"C:\\Users\\PC\\OneDrive\\Desktop\\Typescript-projects-practice\\recents_projects\\Task_Flow_app\\apps\\api\\src\\routes\\auth.routes.ts": {"path":"C:\\Users\\PC\\OneDrive\\Desktop\\Typescript-projects-practice\\recents_projects\\Task_Flow_app\\apps\\api\\src\\routes\\auth.routes.ts","statementMap":{"0":{"start":{"line":1,"column":0},"end":{"line":1,"column":33}},"1":{"start":{"line":2,"column":0},"end":{"line":2,"column":102}},"2":{"start":{"line":3,"column":0},"end":{"line":3,"column":61}},"3":{"start":{"line":4,"column":0},"end":{"line":4,"column":68}},"4":{"start":{"line":5,"column":0},"end":{"line":5,"column":54}},"5":{"start":{"line":8,"column":15},"end":{"line":8,"column":23}},"6":{"start":{"line":11,"column":0},"end":{"line":11,"column":null}},"7":{"start":{"line":12,"column":0},"end":{"line":12,"column":null}},"8":{"start":{"line":13,"column":0},"end":{"line":13,"column":null}},"9":{"start":{"line":14,"column":0},"end":{"line":14,"column":null}},"10":{"start":{"line":15,"column":0},"end":{"line":15,"column":null}},"11":{"start":{"line":18,"column":0},"end":{"line":18,"column":null}}},"fnMap":{},"branchMap":{},"s":{"0":4,"1":4,"2":4,"3":4,"4":4,"5":4,"6":4,"7":4,"8":4,"9":4,"10":4,"11":4},"f":{},"b":{}}
,"C:\\Users\\PC\\OneDrive\\Desktop\\Typescript-projects-practice\\recents_projects\\Task_Flow_app\\apps\\api\\src\\routes\\billing.routes.ts": {"path":"C:\\Users\\PC\\OneDrive\\Desktop\\Typescript-projects-practice\\recents_projects\\Task_Flow_app\\apps\\api\\src\\routes\\billing.routes.ts","statementMap":{"0":{"start":{"line":1,"column":0},"end":{"line":1,"column":33}},"1":{"start":{"line":2,"column":0},"end":{"line":2,"column":null}},"2":{"start":{"line":7,"column":0},"end":{"line":7,"column":56}},"3":{"start":{"line":9,"column":15},"end":{"line":9,"column":23}},"4":{"start":{"line":12,"column":0},"end":{"line":12,"column":24}},"5":{"start":{"line":13,"column":0},"end":{"line":13,"column":40}},"6":{"start":{"line":14,"column":0},"end":{"line":14,"column":48}},"7":{"start":{"line":15,"column":0},"end":{"line":15,"column":44}},"8":{"start":{"line":17,"column":0},"end":{"line":17,"column":22}}},"fnMap":{},"branchMap":{},"s":{"0":4,"1":4,"2":4,"3":4,"4":4,"5":4,"6":4,"7":4,"8":4},"f":{},"b":{}}
,"C:\\Users\\PC\\OneDrive\\Desktop\\Typescript-projects-practice\\recents_projects\\Task_Flow_app\\apps\\api\\src\\routes\\comment.routes.ts": {"path":"C:\\Users\\PC\\OneDrive\\Desktop\\Typescript-projects-practice\\recents_projects\\Task_Flow_app\\apps\\api\\src\\routes\\comment.routes.ts","statementMap":{"0":{"start":{"line":1,"column":0},"end":{"line":1,"column":33}},"1":{"start":{"line":2,"column":0},"end":{"line":2,"column":null}},"2":{"start":{"line":7,"column":0},"end":{"line":7,"column":54}},"3":{"start":{"line":9,"column":15},"end":{"line":9,"column":23}},"4":{"start":{"line":11,"column":0},"end":{"line":11,"column":24}},"5":{"start":{"line":13,"column":0},"end":{"line":13,"column":29}},"6":{"start":{"line":14,"column":0},"end":{"line":14,"column":32}},"7":{"start":{"line":15,"column":0},"end":{"line":15,"column":37}},"8":{"start":{"line":17,"column":0},"end":{"line":17,"column":22}}},"fnMap":{},"branchMap":{},"s":{"0":4,"1":4,"2":4,"3":4,"4":4,"5":4,"6":4,"7":4,"8":4},"f":{},"b":{}}
,"C:\\Users\\PC\\OneDrive\\Desktop\\Typescript-projects-practice\\recents_projects\\Task_Flow_app\\apps\\api\\src\\routes\\health.routes.ts": {"path":"C:\\Users\\PC\\OneDrive\\Desktop\\Typescript-projects-practice\\recents_projects\\Task_Flow_app\\apps\\api\\src\\routes\\health.routes.ts","statementMap":{"0":{"start":{"line":1,"column":0},"end":{"line":1,"column":52}},"1":{"start":{"line":2,"column":0},"end":{"line":2,"column":39}},"2":{"start":{"line":3,"column":0},"end":{"line":3,"column":37}},"3":{"start":{"line":4,"column":0},"end":{"line":4,"column":39}},"4":{"start":{"line":6,"column":15},"end":{"line":6,"column":23}},"5":{"start":{"line":8,"column":0},"end":{"line":45,"column":3}},"6":{"start":{"line":9,"column":17},"end":{"line":9,"column":31}},"7":{"start":{"line":10,"column":20},"end":{"line":10,"column":34}},"8":{"start":{"line":11,"column":18},"end":{"line":11,"column":22}},"9":{"start":{"line":13,"column":2},"end":{"line":20,"column":3}},"10":{"start":{"line":14,"column":4},"end":{"line":14,"column":37}},"11":{"start":{"line":15,"column":4},"end":{"line":15,"column":27}},"12":{"start":{"line":17,"column":4},"end":{"line":17,"column":85}},"13":{"start":{"line":18,"column":4},"end":{"line":18,"column":23}},"14":{"start":{"line":19,"column":4},"end":{"line":19,"column":22}},"15":{"start":{"line":22,"column":2},"end":{"line":31,"column":3}},"16":{"start":{"line":23,"column":4},"end":{"line":26,"column":5}},"17":{"start":{"line":24,"column":19},"end":{"line":24,"column":37}},"18":{"start":{"line":25,"column":6},"end":{"line":25,"column":78}},"19":{"start":{"line":28,"column":4},"end":{"line":28,"column":81}},"20":{"start":{"line":29,"column":4},"end":{"line":29,"column":26}},"21":{"start":{"line":33,"column":18},"end":{"line":42,"column":4}},"22":{"start":{"line":44,"column":2},"end":{"line":44,"column":50}},"23":{"start":{"line":47,"column":0},"end":{"line":47,"column":22}}},"fnMap":{"0":{"name":"(anonymous_0)","decl":{"start":{"line":8,"column":16},"end":{"line":8,"column":21}},"loc":{"start":{"line":8,"column":55},"end":{"line":45,"column":1}}}},"branchMap":{"0":{"loc":{"start":{"line":17,"column":24},"end":{"line":17,"column":43}},"type":"binary-expr","locations":[{"start":{"line":17,"column":24},"end":{"line":17,"column":36}},{"start":{"line":17,"column":40},"end":{"line":17,"column":43}}]},"1":{"loc":{"start":{"line":23,"column":4},"end":{"line":26,"column":5}},"type":"if","locations":[{"start":{"line":23,"column":4},"end":{"line":26,"column":5}},{"start":{},"end":{}}]},"2":{"loc":{"start":{"line":23,"column":8},"end":{"line":23,"column":49}},"type":"binary-expr","locations":[{"start":{"line":23,"column":8},"end":{"line":23,"column":13}},{"start":{"line":23,"column":17},"end":{"line":23,"column":49}}]},"3":{"loc":{"start":{"line":25,"column":20},"end":{"line":25,"column":77}},"type":"cond-expr","locations":[{"start":{"line":25,"column":38},"end":{"line":25,"column":49}},{"start":{"line":25,"column":52},"end":{"line":25,"column":77}}]},"4":{"loc":{"start":{"line":25,"column":52},"end":{"line":25,"column":77}},"type":"binary-expr","locations":[{"start":{"line":25,"column":52},"end":{"line":25,"column":64}},{"start":{"line":25,"column":68},"end":{"line":25,"column":77}}]},"5":{"loc":{"start":{"line":28,"column":24},"end":{"line":28,"column":43}},"type":"binary-expr","locations":[{"start":{"line":28,"column":24},"end":{"line":28,"column":36}},{"start":{"line":28,"column":40},"end":{"line":28,"column":43}}]},"6":{"loc":{"start":{"line":34,"column":12},"end":{"line":34,"column":46}},"type":"cond-expr","locations":[{"start":{"line":34,"column":24},"end":{"line":34,"column":33}},{"start":{"line":34,"column":36},"end":{"line":34,"column":46}}]},"7":{"loc":{"start":{"line":41,"column":13},"end":{"line":41,"column":55}},"type":"binary-expr","locations":[{"start":{"line":41,"column":13},"end":{"line":41,"column":44}},{"start":{"line":41,"column":48},"end":{"line":41,"column":55}}]},"8":{"loc":{"start":{"line":44,"column":13},"end":{"line":44,"column":34}},"type":"cond-expr","locations":[{"start":{"line":44,"column":25},"end":{"line":44,"column":28}},{"start":{"line":44,"column":31},"end":{"line":44,"column":34}}]}},"s":{"0":4,"1":4,"2":4,"3":4,"4":4,"5":4,"6":3,"7":3,"8":3,"9":3,"10":3,"11":2,"12":1,"13":1,"14":1,"15":3,"16":3,"17":3,"18":3,"19":0,"20":0,"21":3,"22":3,"23":4},"f":{"0":3},"b":{"0":[1,0],"1":[3,0],"2":[3,3],"3":[3,0],"4":[0,0],"5":[0,0],"6":[2,1],"7":[3,0],"8":[2,1]}}
,"C:\\Users\\PC\\OneDrive\\Desktop\\Typescript-projects-practice\\recents_projects\\Task_Flow_app\\apps\\api\\src\\routes\\invite.routes.ts": {"path":"C:\\Users\\PC\\OneDrive\\Desktop\\Typescript-projects-practice\\recents_projects\\Task_Flow_app\\apps\\api\\src\\routes\\invite.routes.ts","statementMap":{"0":{"start":{"line":1,"column":0},"end":{"line":1,"column":33}},"1":{"start":{"line":2,"column":0},"end":{"line":2,"column":null}},"2":{"start":{"line":8,"column":0},"end":{"line":8,"column":54}},"3":{"start":{"line":10,"column":15},"end":{"line":10,"column":23}},"4":{"start":{"line":13,"column":0},"end":{"line":13,"column":33}},"5":{"start":{"line":16,"column":0},"end":{"line":16,"column":24}},"6":{"start":{"line":17,"column":0},"end":{"line":17,"column":29}},"7":{"start":{"line":18,"column":0},"end":{"line":18,"column":44}},"8":{"start":{"line":19,"column":0},"end":{"line":19,"column":37}},"9":{"start":{"line":21,"column":0},"end":{"line":21,"column":22}}},"fnMap":{},"branchMap":{},"s":{"0":4,"1":4,"2":4,"3":4,"4":4,"5":4,"6":4,"7":4,"8":4,"9":4},"f":{},"b":{}}
,"C:\\Users\\PC\\OneDrive\\Desktop\\Typescript-projects-practice\\recents_projects\\Task_Flow_app\\apps\\api\\src\\routes\\member.routes.ts": {"path":"C:\\Users\\PC\\OneDrive\\Desktop\\Typescript-projects-practice\\recents_projects\\Task_Flow_app\\apps\\api\\src\\routes\\member.routes.ts","statementMap":{"0":{"start":{"line":1,"column":0},"end":{"line":1,"column":33}},"1":{"start":{"line":2,"column":0},"end":{"line":2,"column":null}},"2":{"start":{"line":7,"column":0},"end":{"line":7,"column":54}},"3":{"start":{"line":9,"column":15},"end":{"line":9,"column":23}},"4":{"start":{"line":11,"column":0},"end":{"line":11,"column":24}},"5":{"start":{"line":13,"column":0},"end":{"line":13,"column":28}},"6":{"start":{"line":14,"column":0},"end":{"line":14,"column":39}},"7":{"start":{"line":15,"column":0},"end":{"line":15,"column":36}},"8":{"start":{"line":17,"column":0},"end":{"line":17,"column":22}}},"fnMap":{},"branchMap":{},"s":{"0":4,"1":4,"2":4,"3":4,"4":4,"5":4,"6":4,"7":4,"8":4},"f":{},"b":{}}
,"C:\\Users\\PC\\OneDrive\\Desktop\\Typescript-projects-practice\\recents_projects\\Task_Flow_app\\apps\\api\\src\\routes\\notification.routes.ts": {"path":"C:\\Users\\PC\\OneDrive\\Desktop\\Typescript-projects-practice\\recents_projects\\Task_Flow_app\\apps\\api\\src\\routes\\notification.routes.ts","statementMap":{"0":{"start":{"line":1,"column":0},"end":{"line":1,"column":33}},"1":{"start":{"line":2,"column":0},"end":{"line":2,"column":null}},"2":{"start":{"line":8,"column":0},"end":{"line":8,"column":54}},"3":{"start":{"line":10,"column":15},"end":{"line":10,"column":23}},"4":{"start":{"line":12,"column":0},"end":{"line":12,"column":24}},"5":{"start":{"line":14,"column":0},"end":{"line":14,"column":34}},"6":{"start":{"line":15,"column":0},"end":{"line":15,"column":39}},"7":{"start":{"line":16,"column":0},"end":{"line":16,"column":39}},"8":{"start":{"line":17,"column":0},"end":{"line":17,"column":29}},"9":{"start":{"line":19,"column":0},"end":{"line":19,"column":22}}},"fnMap":{},"branchMap":{},"s":{"0":4,"1":4,"2":4,"3":4,"4":4,"5":4,"6":4,"7":4,"8":4,"9":4},"f":{},"b":{}}
,"C:\\Users\\PC\\OneDrive\\Desktop\\Typescript-projects-practice\\recents_projects\\Task_Flow_app\\apps\\api\\src\\routes\\project.route.ts": {"path":"C:\\Users\\PC\\OneDrive\\Desktop\\Typescript-projects-practice\\recents_projects\\Task_Flow_app\\apps\\api\\src\\routes\\project.route.ts","statementMap":{"0":{"start":{"line":1,"column":0},"end":{"line":1,"column":33}},"1":{"start":{"line":2,"column":0},"end":{"line":2,"column":null}},"2":{"start":{"line":9,"column":0},"end":{"line":9,"column":56}},"3":{"start":{"line":11,"column":15},"end":{"line":11,"column":23}},"4":{"start":{"line":13,"column":0},"end":{"line":13,"column":24}},"5":{"start":{"line":15,"column":0},"end":{"line":15,"column":29}},"6":{"start":{"line":16,"column":0},"end":{"line":16,"column":31}},"7":{"start":{"line":17,"column":0},"end":{"line":17,"column":32}},"8":{"start":{"line":18,"column":0},"end":{"line":18,"column":36}},"9":{"start":{"line":19,"column":0},"end":{"line":19,"column":37}},"10":{"start":{"line":21,"column":0},"end":{"line":21,"column":22}}},"fnMap":{},"branchMap":{},"s":{"0":4,"1":4,"2":4,"3":4,"4":4,"5":4,"6":4,"7":4,"8":4,"9":4,"10":4},"f":{},"b":{}}
,"C:\\Users\\PC\\OneDrive\\Desktop\\Typescript-projects-practice\\recents_projects\\Task_Flow_app\\apps\\api\\src\\routes\\setting.routes.ts": {"path":"C:\\Users\\PC\\OneDrive\\Desktop\\Typescript-projects-practice\\recents_projects\\Task_Flow_app\\apps\\api\\src\\routes\\setting.routes.ts","statementMap":{"0":{"start":{"line":1,"column":0},"end":{"line":1,"column":33}},"1":{"start":{"line":2,"column":0},"end":{"line":2,"column":null}},"2":{"start":{"line":8,"column":0},"end":{"line":8,"column":54}},"3":{"start":{"line":10,"column":15},"end":{"line":10,"column":23}},"4":{"start":{"line":12,"column":0},"end":{"line":12,"column":24}},"5":{"start":{"line":14,"column":0},"end":{"line":14,"column":40}},"6":{"start":{"line":15,"column":0},"end":{"line":15,"column":42}},"7":{"start":{"line":16,"column":0},"end":{"line":16,"column":44}},"8":{"start":{"line":17,"column":0},"end":{"line":17,"column":45}},"9":{"start":{"line":19,"column":0},"end":{"line":19,"column":22}}},"fnMap":{},"branchMap":{},"s":{"0":4,"1":4,"2":4,"3":4,"4":4,"5":4,"6":4,"7":4,"8":4,"9":4},"f":{},"b":{}}
,"C:\\Users\\PC\\OneDrive\\Desktop\\Typescript-projects-practice\\recents_projects\\Task_Flow_app\\apps\\api\\src\\routes\\task.route.ts": {"path":"C:\\Users\\PC\\OneDrive\\Desktop\\Typescript-projects-practice\\recents_projects\\Task_Flow_app\\apps\\api\\src\\routes\\task.route.ts","statementMap":{"0":{"start":{"line":1,"column":0},"end":{"line":1,"column":null}},"1":{"start":{"line":10,"column":0},"end":{"line":10,"column":54}},"2":{"start":{"line":11,"column":0},"end":{"line":11,"column":33}},"3":{"start":{"line":13,"column":15},"end":{"line":13,"column":23}},"4":{"start":{"line":15,"column":0},"end":{"line":15,"column":24}},"5":{"start":{"line":17,"column":0},"end":{"line":17,"column":36}},"6":{"start":{"line":18,"column":0},"end":{"line":18,"column":26}},"7":{"start":{"line":19,"column":0},"end":{"line":19,"column":29}},"8":{"start":{"line":20,"column":0},"end":{"line":20,"column":33}},"9":{"start":{"line":21,"column":0},"end":{"line":21,"column":36}},"10":{"start":{"line":22,"column":0},"end":{"line":22,"column":34}},"11":{"start":{"line":24,"column":0},"end":{"line":24,"column":22}}},"fnMap":{},"branchMap":{},"s":{"0":4,"1":4,"2":4,"3":4,"4":4,"5":4,"6":4,"7":4,"8":4,"9":4,"10":4,"11":4},"f":{},"b":{}}
,"C:\\Users\\PC\\OneDrive\\Desktop\\Typescript-projects-practice\\recents_projects\\Task_Flow_app\\apps\\api\\src\\routes\\workspace.routes.ts": {"path":"C:\\Users\\PC\\OneDrive\\Desktop\\Typescript-projects-practice\\recents_projects\\Task_Flow_app\\apps\\api\\src\\routes\\workspace.routes.ts","statementMap":{"0":{"start":{"line":1,"column":0},"end":{"line":1,"column":33}},"1":{"start":{"line":2,"column":0},"end":{"line":2,"column":70}},"2":{"start":{"line":3,"column":0},"end":{"line":3,"column":54}},"3":{"start":{"line":5,"column":15},"end":{"line":5,"column":23}},"4":{"start":{"line":7,"column":0},"end":{"line":7,"column":24}},"5":{"start":{"line":8,"column":0},"end":{"line":8,"column":34}},"6":{"start":{"line":10,"column":0},"end":{"line":10,"column":22}}},"fnMap":{},"branchMap":{},"s":{"0":4,"1":4,"2":4,"3":4,"4":4,"5":4,"6":4},"f":{},"b":{}}
}
