TN:
SF:src\controllers\auth.controller.ts
FN:10,(anonymous_1)
FN:34,(anonymous_2)
FN:90,(anonymous_3)
FN:133,(anonymous_4)
FN:142,(anonymous_5)
FN:153,(anonymous_6)
FN:190,(anonymous_7)
FNF:7
FNH:5
FNDA:2,(anonymous_1)
FNDA:0,(anonymous_2)
FNDA:3,(anonymous_3)
FNDA:1,(anonymous_4)
FNDA:1,(anonymous_5)
FNDA:2,(anonymous_6)
FNDA:0,(anonymous_7)
DA:1,4
DA:3,4
DA:4,4
DA:5,4
DA:6,4
DA:10,4
DA:11,2
DA:15,2
DA:16,2
DA:17,1
DA:21,1
DA:24,1
DA:30,1
DA:31,1
DA:34,1
DA:35,0
DA:43,0
DA:56,0
DA:60,1
DA:64,1
DA:70,1
DA:73,1
DA:90,4
DA:91,3
DA:94,3
DA:103,3
DA:105,2
DA:107,2
DA:109,1
DA:114,1
DA:121,1
DA:125,1
DA:133,1
DA:142,4
DA:143,1
DA:144,1
DA:145,1
DA:152,4
DA:154,2
DA:156,2
DA:157,1
DA:161,1
DA:164,1
DA:168,1
DA:169,0
DA:173,1
DA:177,1
DA:182,1
DA:184,1
DA:190,4
DA:192,0
DA:193,0
DA:195,0
DA:210,0
DA:212,0
LF:55
LH:46
BRDA:16,0,0,1
BRDA:16,0,1,1
BRDA:31,1,0,0
BRDA:31,1,1,1
BRDA:103,2,0,1
BRDA:103,2,1,2
BRDA:107,3,0,1
BRDA:107,3,1,1
BRDA:132,4,0,1
BRDA:132,4,1,0
BRDA:156,5,0,1
BRDA:156,5,1,1
BRDA:168,6,0,0
BRDA:168,6,1,1
BRDA:193,7,0,0
BRDA:193,7,1,0
BRDA:210,8,0,0
BRDA:210,8,1,0
BRF:18
BRH:11
end_of_record
TN:
SF:src\controllers\billing.controller.ts
FN:12,getUserId
FN:20,(anonymous_2)
FN:101,(anonymous_3)
FN:137,(anonymous_4)
FN:176,(anonymous_5)
FNF:5
FNH:4
FNDA:5,getUserId
FNDA:4,(anonymous_2)
FNDA:1,(anonymous_3)
FNDA:0,(anonymous_4)
FNDA:4,(anonymous_5)
DA:2,4
DA:3,4
DA:4,4
DA:5,4
DA:6,4
DA:13,5
DA:19,4
DA:21,4
DA:22,4
DA:24,4
DA:26,3
DA:33,3
DA:35,3
DA:36,3
DA:37,1
DA:40,2
DA:41,1
DA:45,1
DA:47,1
DA:48,1
DA:52,1
DA:61,1
DA:63,1
DA:70,1
DA:92,1
DA:93,1
DA:100,4
DA:102,1
DA:103,1
DA:105,1
DA:112,1
DA:114,1
DA:115,1
DA:116,0
DA:119,1
DA:120,0
DA:123,1
DA:128,1
DA:129,1
DA:136,4
DA:138,0
DA:139,0
DA:141,0
DA:143,0
DA:156,0
DA:157,0
DA:159,0
DA:176,4
DA:180,4
DA:182,4
DA:183,1
DA:184,1
DA:189,3
DA:190,3
DA:197,3
DA:201,3
DA:202,1
DA:203,1
DA:204,1
DA:207,0
DA:208,0
DA:209,0
DA:212,2
DA:213,2
DA:215,1
DA:217,1
DA:218,1
DA:219,1
DA:221,1
DA:222,0
DA:225,0
DA:226,0
DA:230,0
DA:231,0
DA:238,0
DA:240,0
DA:243,0
DA:246,1
DA:254,1
DA:255,1
DA:259,0
DA:260,0
DA:261,0
DA:263,0
DA:267,0
DA:268,0
DA:272,0
DA:274,0
DA:278,0
DA:279,0
DA:280,0
DA:282,0
DA:285,0
DA:286,0
DA:290,0
DA:292,0
DA:296,1
DA:297,1
DA:300,1
DA:301,1
DA:305,1
DA:307,1
DA:311,0
DA:312,0
DA:316,0
DA:317,0
DA:318,0
DA:322,0
DA:324,0
DA:328,0
DA:329,0
DA:333,2
DA:340,0
DA:341,0
DA:342,0
DA:345,2
LF:116
LH:68
BRDA:13,0,0,5
BRDA:13,0,1,5
BRDA:24,1,0,1
BRDA:24,1,1,3
BRDA:33,2,0,0
BRDA:33,2,1,3
BRDA:36,3,0,1
BRDA:36,3,1,2
BRDA:36,4,0,3
BRDA:36,4,1,3
BRDA:40,5,0,1
BRDA:40,5,1,1
BRDA:47,6,0,1
BRDA:47,6,1,0
BRDA:83,7,0,1
BRDA:83,7,1,0
BRDA:84,8,0,1
BRDA:84,8,1,0
BRDA:112,9,0,0
BRDA:112,9,1,1
BRDA:115,10,0,0
BRDA:115,10,1,1
BRDA:115,11,0,1
BRDA:115,11,1,1
BRDA:119,12,0,0
BRDA:119,12,1,1
BRDA:125,13,0,1
BRDA:125,13,1,0
BRDA:141,14,0,0
BRDA:141,14,1,0
BRDA:156,15,0,0
BRDA:156,15,1,0
BRDA:157,16,0,0
BRDA:157,16,1,0
BRDA:166,17,0,0
BRDA:166,17,1,0
BRDA:167,18,0,0
BRDA:167,18,1,0
BRDA:182,19,0,1
BRDA:182,19,1,3
BRDA:201,20,0,1
BRDA:201,20,1,2
BRDA:213,21,0,1
BRDA:213,21,1,0
BRDA:213,21,2,0
BRDA:213,21,3,1
BRDA:213,21,4,0
BRDA:213,21,5,0
BRDA:218,22,0,1
BRDA:218,22,1,0
BRDA:219,23,0,1
BRDA:219,23,1,0
BRDA:221,24,0,0
BRDA:221,24,1,1
BRDA:225,25,0,0
BRDA:225,25,1,0
BRDA:230,26,0,0
BRDA:230,26,1,0
BRDA:235,27,0,0
BRDA:235,27,1,0
BRDA:250,28,0,1
BRDA:250,28,1,0
BRDA:260,29,0,0
BRDA:260,29,1,0
BRDA:261,30,0,0
BRDA:261,30,1,0
BRDA:267,31,0,0
BRDA:267,31,1,0
BRDA:279,32,0,0
BRDA:279,32,1,0
BRDA:280,33,0,0
BRDA:280,33,1,0
BRDA:285,34,0,0
BRDA:285,34,1,0
BRDA:300,35,0,1
BRDA:300,35,1,0
BRDA:316,36,0,0
BRDA:316,36,1,0
BRDA:320,37,0,0
BRDA:320,37,1,0
BRF:80
BRH:31
end_of_record
TN:
SF:src\controllers\comment.controller.ts
FN:17,(anonymous_1)
FN:43,(anonymous_2)
FN:131,(anonymous_3)
FNF:3
FNH:0
FNDA:0,(anonymous_1)
FNDA:0,(anonymous_2)
FNDA:0,(anonymous_3)
DA:2,4
DA:3,4
DA:4,4
DA:5,4
DA:6,4
DA:8,4
DA:16,4
DA:18,0
DA:19,0
DA:21,0
DA:35,0
DA:42,4
DA:44,0
DA:46,0
DA:47,0
DA:48,0
DA:51,0
DA:54,0
DA:63,0
DA:66,0
DA:74,0
DA:77,0
DA:95,0
DA:96,0
DA:100,0
DA:108,0
DA:112,0
DA:116,0
DA:123,0
DA:130,4
DA:132,0
DA:133,0
DA:135,0
DA:139,0
DA:142,0
DA:143,0
DA:146,0
DA:148,0
LF:38
LH:9
BRDA:19,0,0,0
BRDA:19,0,1,0
BRDA:47,1,0,0
BRDA:47,1,1,0
BRDA:63,2,0,0
BRDA:63,2,1,0
BRDA:74,3,0,0
BRDA:74,3,1,0
BRDA:95,4,0,0
BRDA:95,4,1,0
BRDA:95,5,0,0
BRDA:95,5,1,0
BRDA:108,6,0,0
BRDA:108,6,1,0
BRDA:109,7,0,0
BRDA:109,7,1,0
BRDA:139,8,0,0
BRDA:139,8,1,0
BRDA:142,9,0,0
BRDA:142,9,1,0
BRF:20
BRH:0
end_of_record
TN:
SF:src\controllers\invite.controller.ts
FN:19,(anonymous_1)
FN:139,(anonymous_2)
FN:177,(anonymous_3)
FN:250,(anonymous_4)
FNF:4
FNH:0
FNDA:0,(anonymous_1)
FNDA:0,(anonymous_2)
FNDA:0,(anonymous_3)
FNDA:0,(anonymous_4)
DA:2,4
DA:3,4
DA:4,4
DA:5,4
DA:6,4
DA:7,4
DA:9,4
DA:18,4
DA:20,0
DA:23,0
DA:24,0
DA:25,0
DA:28,0
DA:31,0
DA:41,0
DA:42,0
DA:45,0
DA:46,0
DA:50,0
DA:57,0
DA:58,0
DA:65,0
DA:69,0
DA:70,0
DA:78,0
DA:79,0
DA:84,0
DA:93,0
DA:94,0
DA:98,0
DA:99,0
DA:102,0
DA:115,0
DA:122,0
DA:138,4
DA:140,0
DA:142,0
DA:154,0
DA:156,0
DA:157,0
DA:160,0
DA:162,0
DA:166,0
DA:169,0
DA:176,4
DA:178,0
DA:179,0
DA:181,0
DA:192,0
DA:193,0
DA:194,0
DA:196,0
DA:197,0
DA:201,0
DA:202,0
DA:206,0
DA:215,0
DA:216,0
DA:220,0
DA:234,0
DA:249,4
DA:251,0
DA:252,0
DA:254,0
DA:257,0
DA:262,0
DA:264,0
DA:272,0
LF:68
LH:11
BRDA:24,0,0,0
BRDA:24,0,1,0
BRDA:41,1,0,0
BRDA:41,1,1,0
BRDA:45,2,0,0
BRDA:45,2,1,0
BRDA:57,3,0,0
BRDA:57,3,1,0
BRDA:57,4,0,0
BRDA:57,4,1,0
BRDA:57,5,0,0
BRDA:57,5,1,0
BRDA:69,6,0,0
BRDA:69,6,1,0
BRDA:78,7,0,0
BRDA:78,7,1,0
BRDA:93,8,0,0
BRDA:93,8,1,0
BRDA:106,9,0,0
BRDA:106,9,1,0
BRDA:154,10,0,0
BRDA:154,10,1,0
BRDA:156,11,0,0
BRDA:156,11,1,0
BRDA:160,12,0,0
BRDA:160,12,1,0
BRDA:192,13,0,0
BRDA:192,13,1,0
BRDA:193,14,0,0
BRDA:193,14,1,0
BRDA:196,15,0,0
BRDA:196,15,1,0
BRDA:201,16,0,0
BRDA:201,16,1,0
BRDA:201,17,0,0
BRDA:201,17,1,0
BRDA:215,18,0,0
BRDA:215,18,1,0
BRDA:254,19,0,0
BRDA:254,19,1,0
BRDA:262,20,0,0
BRDA:262,20,1,0
BRF:42
BRH:0
end_of_record
TN:
SF:src\controllers\member.controller.ts
FN:11,(anonymous_1)
FN:47,(anonymous_2)
FN:98,(anonymous_3)
FNF:3
FNH:0
FNDA:0,(anonymous_1)
FNDA:0,(anonymous_2)
FNDA:0,(anonymous_3)
DA:2,4
DA:3,4
DA:4,4
DA:10,4
DA:12,0
DA:13,0
DA:15,0
DA:18,0
DA:21,0
DA:23,0
DA:39,0
DA:46,4
DA:48,0
DA:49,0
DA:51,0
DA:52,0
DA:53,0
DA:56,0
DA:59,0
DA:62,0
DA:71,0
DA:72,0
DA:76,0
DA:77,0
DA:80,0
DA:90,0
DA:97,4
DA:99,0
DA:100,0
DA:102,0
DA:105,0
DA:108,0
DA:117,0
DA:118,0
DA:122,0
DA:123,0
DA:126,0
DA:128,0
LF:38
LH:6
BRDA:15,0,0,0
BRDA:15,0,1,0
BRDA:21,1,0,0
BRDA:21,1,1,0
BRDA:52,2,0,0
BRDA:52,2,1,0
BRDA:59,3,0,0
BRDA:59,3,1,0
BRDA:71,4,0,0
BRDA:71,4,1,0
BRDA:76,5,0,0
BRDA:76,5,1,0
BRDA:105,6,0,0
BRDA:105,6,1,0
BRDA:117,7,0,0
BRDA:117,7,1,0
BRDA:122,8,0,0
BRDA:122,8,1,0
BRF:18
BRH:0
end_of_record
TN:
SF:src\controllers\notification.controller.ts
FN:11,(anonymous_1)
FN:33,(anonymous_2)
FN:50,(anonymous_3)
FN:75,(anonymous_4)
FNF:4
FNH:0
FNDA:0,(anonymous_1)
FNDA:0,(anonymous_2)
FNDA:0,(anonymous_3)
FNDA:0,(anonymous_4)
DA:2,4
DA:3,4
DA:4,4
DA:10,4
DA:12,0
DA:14,0
DA:20,0
DA:24,0
DA:32,4
DA:34,0
DA:36,0
DA:41,0
DA:49,4
DA:51,0
DA:52,0
DA:54,0
DA:58,0
DA:59,0
DA:61,0
DA:66,0
DA:74,4
DA:76,0
DA:78,0
DA:82,0
LF:24
LH:7
BRDA:58,0,0,0
BRDA:58,0,1,0
BRDA:59,1,0,0
BRDA:59,1,1,0
BRF:4
BRH:0
end_of_record
TN:
SF:src\controllers\project.controller.ts
FN:25,verifyMember
FN:39,(anonymous_2)
FN:73,(anonymous_3)
FN:100,(anonymous_4)
FN:157,(anonymous_5)
FN:188,(anonymous_6)
FNF:6
FNH:0
FNDA:0,verifyMember
FNDA:0,(anonymous_2)
FNDA:0,(anonymous_3)
FNDA:0,(anonymous_4)
FNDA:0,(anonymous_5)
FNDA:0,(anonymous_6)
DA:2,4
DA:3,4
DA:4,4
DA:5,4
DA:10,4
DA:16,4
DA:26,0
DA:31,0
DA:32,0
DA:38,4
DA:40,0
DA:41,0
DA:43,0
DA:46,0
DA:48,0
DA:65,0
DA:72,4
DA:74,0
DA:75,0
DA:77,0
DA:87,0
DA:90,0
DA:92,0
DA:99,4
DA:101,0
DA:102,0
DA:104,0
DA:107,0
DA:108,0
DA:109,0
DA:113,0
DA:116,0
DA:127,0
DA:131,0
DA:137,0
DA:146,0
DA:156,4
DA:158,0
DA:159,0
DA:161,0
DA:164,0
DA:167,0
DA:170,0
DA:171,0
DA:172,0
DA:175,0
DA:180,0
DA:187,4
DA:189,0
DA:190,0
DA:192,0
DA:195,0
DA:198,0
DA:199,0
DA:200,0
DA:204,0
DA:209,0
LF:57
LH:11
BRDA:31,0,0,0
BRDA:31,0,1,0
BRDA:43,1,0,0
BRDA:43,1,1,0
BRDA:87,2,0,0
BRDA:87,2,1,0
BRDA:104,3,0,0
BRDA:104,3,1,0
BRDA:108,4,0,0
BRDA:108,4,1,0
BRDA:127,5,0,0
BRDA:127,5,1,0
BRDA:128,6,0,0
BRDA:128,6,1,0
BRDA:141,7,0,0
BRDA:141,7,1,0
BRDA:164,8,0,0
BRDA:164,8,1,0
BRDA:171,9,0,0
BRDA:171,9,1,0
BRDA:195,10,0,0
BRDA:195,10,1,0
BRDA:199,11,0,0
BRDA:199,11,1,0
BRF:24
BRH:0
end_of_record
TN:
SF:src\controllers\setting.controller.ts
FN:26,(anonymous_1)
FN:48,(anonymous_2)
FN:91,(anonymous_3)
FN:130,(anonymous_4)
FN:182,(anonymous_5)
FNF:5
FNH:0
FNDA:0,(anonymous_1)
FNDA:0,(anonymous_2)
FNDA:0,(anonymous_3)
FNDA:0,(anonymous_4)
FNDA:0,(anonymous_5)
DA:2,4
DA:3,4
DA:4,4
DA:5,4
DA:6,4
DA:7,4
DA:8,4
DA:13,4
DA:18,4
DA:26,0
DA:33,4
DA:38,4
DA:47,4
DA:49,0
DA:51,0
DA:52,0
DA:53,0
DA:56,0
DA:59,0
DA:60,0
DA:63,0
DA:64,0
DA:68,0
DA:79,0
DA:90,4
DA:92,0
DA:94,0
DA:95,0
DA:96,0
DA:99,0
DA:102,0
DA:105,0
DA:108,0
DA:109,0
DA:110,0
DA:114,0
DA:116,0
DA:121,0
DA:129,4
DA:131,0
DA:133,0
DA:134,0
DA:135,0
DA:138,0
DA:141,0
DA:147,0
DA:148,0
DA:149,0
DA:153,0
DA:159,0
DA:170,0
DA:181,4
DA:183,0
DA:185,0
DA:186,0
DA:187,0
DA:190,0
DA:193,0
DA:200,0
DA:201,0
DA:202,0
DA:206,0
DA:207,0
DA:211,0
DA:212,0
DA:213,0
DA:214,0
DA:215,0
DA:220,0
DA:221,0
DA:222,0
DA:231,0
DA:235,0
LF:73
LH:15
BRDA:52,0,0,0
BRDA:52,0,1,0
BRDA:59,1,0,0
BRDA:59,1,1,0
BRDA:63,2,0,0
BRDA:63,2,1,0
BRDA:63,3,0,0
BRDA:63,3,1,0
BRDA:95,4,0,0
BRDA:95,4,1,0
BRDA:105,5,0,0
BRDA:105,5,1,0
BRDA:109,6,0,0
BRDA:109,6,1,0
BRDA:134,7,0,0
BRDA:134,7,1,0
BRDA:147,8,0,0
BRDA:147,8,1,0
BRDA:148,9,0,0
BRDA:148,9,1,0
BRDA:186,10,0,0
BRDA:186,10,1,0
BRDA:200,11,0,0
BRDA:200,11,1,0
BRDA:201,12,0,0
BRDA:201,12,1,0
BRDA:206,13,0,0
BRDA:206,13,1,0
BRDA:211,14,0,0
BRDA:211,14,1,0
BRDA:214,15,0,0
BRDA:214,15,1,0
BRDA:220,16,0,0
BRDA:220,16,1,0
BRF:34
BRH:0
end_of_record
TN:
SF:src\controllers\task.controller.ts
FN:36,verifyProjectAccess
FN:62,(anonymous_2)
FN:103,(anonymous_3)
FN:202,(anonymous_4)
FN:283,(anonymous_5)
FN:315,(anonymous_6)
FN:343,(anonymous_7)
FN:377,(anonymous_8)
FN:378,(anonymous_9)
FN:379,(anonymous_10)
FN:380,(anonymous_11)
FNF:11
FNH:5
FNDA:6,verifyProjectAccess
FNDA:2,(anonymous_2)
FNDA:4,(anonymous_3)
FNDA:2,(anonymous_4)
FNDA:0,(anonymous_5)
FNDA:1,(anonymous_6)
FNDA:0,(anonymous_7)
FNDA:0,(anonymous_8)
FNDA:0,(anonymous_9)
FNDA:0,(anonymous_10)
FNDA:0,(anonymous_11)
DA:2,4
DA:3,4
DA:4,4
DA:5,4
DA:6,4
DA:7,4
DA:8,4
DA:13,4
DA:23,4
DA:36,4
DA:37,6
DA:42,6
DA:44,5
DA:53,5
DA:55,4
DA:61,4
DA:63,2
DA:64,2
DA:66,2
DA:69,1
DA:71,1
DA:95,1
DA:102,4
DA:104,4
DA:107,4
DA:108,4
DA:109,1
DA:120,3
DA:123,3
DA:126,1
DA:135,1
DA:137,1
DA:164,1
DA:166,1
DA:167,1
DA:172,1
DA:178,1
DA:179,1
DA:191,1
DA:201,4
DA:203,2
DA:204,2
DA:206,2
DA:209,2
DA:212,1
DA:215,1
DA:216,1
DA:217,0
DA:220,1
DA:243,1
DA:245,1
DA:250,0
DA:255,0
DA:261,0
DA:262,0
DA:274,1
DA:282,4
DA:284,0
DA:285,0
DA:287,0
DA:289,0
DA:291,0
DA:294,0
DA:296,0
DA:298,0
DA:306,0
DA:307,0
DA:314,4
DA:316,1
DA:317,1
DA:319,1
DA:322,1
DA:324,1
DA:327,1
DA:332,1
DA:333,1
DA:342,4
DA:344,0
DA:345,0
DA:347,0
DA:376,0
DA:377,0
DA:378,0
DA:379,0
DA:380,0
DA:383,0
LF:86
LH:62
BRDA:42,0,0,1
BRDA:42,0,1,5
BRDA:53,1,0,1
BRDA:53,1,1,4
BRDA:63,2,0,2
BRDA:63,2,1,0
BRDA:66,3,0,1
BRDA:66,3,1,1
BRDA:104,4,0,4
BRDA:104,4,1,0
BRDA:108,5,0,1
BRDA:108,5,1,3
BRDA:129,6,0,1
BRDA:129,6,1,0
BRDA:135,7,0,1
BRDA:135,7,1,0
BRDA:141,8,0,1
BRDA:141,8,1,0
BRDA:142,9,0,1
BRDA:142,9,1,0
BRDA:144,10,0,0
BRDA:144,10,1,1
BRDA:166,11,0,1
BRDA:166,11,1,0
BRDA:166,12,0,1
BRDA:166,12,1,1
BRDA:174,13,0,1
BRDA:174,13,1,0
BRDA:178,14,0,1
BRDA:178,14,1,0
BRDA:178,15,0,1
BRDA:178,15,1,1
BRDA:182,16,0,1
BRDA:182,16,1,0
BRDA:203,17,0,2
BRDA:203,17,1,0
BRDA:209,18,0,1
BRDA:209,18,1,1
BRDA:216,19,0,0
BRDA:216,19,1,1
BRDA:224,20,0,0
BRDA:224,20,1,1
BRDA:245,21,0,0
BRDA:245,21,1,1
BRDA:246,22,0,1
BRDA:246,22,1,0
BRDA:246,22,2,0
BRDA:257,23,0,0
BRDA:257,23,1,0
BRDA:261,24,0,0
BRDA:261,24,1,0
BRDA:261,25,0,0
BRDA:261,25,1,0
BRDA:265,26,0,0
BRDA:265,26,1,0
BRDA:284,27,0,0
BRDA:284,27,1,0
BRDA:289,28,0,0
BRDA:289,28,1,0
BRDA:294,29,0,0
BRDA:294,29,1,0
BRDA:302,30,0,0
BRDA:302,30,1,0
BRDA:316,31,0,1
BRDA:316,31,1,0
BRDA:322,32,0,0
BRDA:322,32,1,1
BRDA:344,33,0,0
BRDA:344,33,1,0
BRDA:351,34,0,0
BRDA:351,34,1,0
BRF:71
BRH:32
end_of_record
TN:
SF:src\controllers\workspace.controller.ts
FN:12,(anonymous_1)
FNF:1
FNH:0
FNDA:0,(anonymous_1)
DA:2,4
DA:3,4
DA:4,4
DA:5,4
DA:7,4
DA:11,4
DA:13,0
DA:15,0
DA:16,0
DA:17,0
DA:20,0
DA:23,0
DA:29,0
DA:32,0
DA:35,0
DA:48,0
LF:16
LH:6
BRDA:16,0,0,0
BRDA:16,0,1,0
BRDA:32,1,0,0
BRDA:32,1,1,0
BRF:4
BRH:0
end_of_record
TN:
SF:src\lib\ApiError.ts
FN:7,(anonymous_0)
FNF:1
FNH:1
FNDA:14,(anonymous_0)
DA:8,14
DA:9,14
DA:10,14
DA:13,14
DA:20,4
LF:5
LH:5
BRF:0
BRH:0
end_of_record
TN:
SF:src\lib\logger.ts
FNF:0
FNH:0
DA:1,4
DA:3,4
DA:4,4
DA:6,4
DA:22,4
LF:5
LH:5
BRDA:7,0,0,4
BRDA:7,0,1,0
BRDA:7,1,0,0
BRDA:7,1,1,0
BRDA:8,2,0,4
BRDA:8,2,1,0
BRDA:8,3,0,4
BRDA:8,3,1,4
BRF:8
BRH:4
end_of_record
TN:
SF:src\routes\auth.routes.ts
FNF:0
FNH:0
DA:1,4
DA:2,4
DA:3,4
DA:4,4
DA:5,4
DA:8,4
DA:11,4
DA:12,4
DA:13,4
DA:14,4
DA:15,4
DA:18,4
LF:12
LH:12
BRF:0
BRH:0
end_of_record
TN:
SF:src\routes\billing.routes.ts
FNF:0
FNH:0
DA:1,4
DA:2,4
DA:7,4
DA:9,4
DA:12,4
DA:13,4
DA:14,4
DA:15,4
DA:17,4
LF:9
LH:9
BRF:0
BRH:0
end_of_record
TN:
SF:src\routes\comment.routes.ts
FNF:0
FNH:0
DA:1,4
DA:2,4
DA:7,4
DA:9,4
DA:11,4
DA:13,4
DA:14,4
DA:15,4
DA:17,4
LF:9
LH:9
BRF:0
BRH:0
end_of_record
TN:
SF:src\routes\health.routes.ts
FN:8,(anonymous_0)
FNF:1
FNH:1
FNDA:3,(anonymous_0)
DA:1,4
DA:2,4
DA:3,4
DA:4,4
DA:6,4
DA:8,4
DA:9,3
DA:10,3
DA:11,3
DA:13,3
DA:14,3
DA:15,2
DA:17,1
DA:18,1
DA:19,1
DA:22,3
DA:23,3
DA:24,3
DA:25,3
DA:28,0
DA:29,0
DA:33,3
DA:44,3
DA:47,4
LF:24
LH:22
BRDA:17,0,0,1
BRDA:17,0,1,0
BRDA:23,1,0,3
BRDA:23,1,1,0
BRDA:23,2,0,3
BRDA:23,2,1,3
BRDA:25,3,0,3
BRDA:25,3,1,0
BRDA:25,4,0,0
BRDA:25,4,1,0
BRDA:28,5,0,0
BRDA:28,5,1,0
BRDA:34,6,0,2
BRDA:34,6,1,1
BRDA:41,7,0,3
BRDA:41,7,1,0
BRDA:44,8,0,2
BRDA:44,8,1,1
BRF:18
BRH:10
end_of_record
TN:
SF:src\routes\invite.routes.ts
FNF:0
FNH:0
DA:1,4
DA:2,4
DA:8,4
DA:10,4
DA:13,4
DA:16,4
DA:17,4
DA:18,4
DA:19,4
DA:21,4
LF:10
LH:10
BRF:0
BRH:0
end_of_record
TN:
SF:src\routes\member.routes.ts
FNF:0
FNH:0
DA:1,4
DA:2,4
DA:7,4
DA:9,4
DA:11,4
DA:13,4
DA:14,4
DA:15,4
DA:17,4
LF:9
LH:9
BRF:0
BRH:0
end_of_record
TN:
SF:src\routes\notification.routes.ts
FNF:0
FNH:0
DA:1,4
DA:2,4
DA:8,4
DA:10,4
DA:12,4
DA:14,4
DA:15,4
DA:16,4
DA:17,4
DA:19,4
LF:10
LH:10
BRF:0
BRH:0
end_of_record
TN:
SF:src\routes\project.route.ts
FNF:0
FNH:0
DA:1,4
DA:2,4
DA:9,4
DA:11,4
DA:13,4
DA:15,4
DA:16,4
DA:17,4
DA:18,4
DA:19,4
DA:21,4
LF:11
LH:11
BRF:0
BRH:0
end_of_record
TN:
SF:src\routes\setting.routes.ts
FNF:0
FNH:0
DA:1,4
DA:2,4
DA:8,4
DA:10,4
DA:12,4
DA:14,4
DA:15,4
DA:16,4
DA:17,4
DA:19,4
LF:10
LH:10
BRF:0
BRH:0
end_of_record
TN:
SF:src\routes\task.route.ts
FNF:0
FNH:0
DA:1,4
DA:10,4
DA:11,4
DA:13,4
DA:15,4
DA:17,4
DA:18,4
DA:19,4
DA:20,4
DA:21,4
DA:22,4
DA:24,4
LF:12
LH:12
BRF:0
BRH:0
end_of_record
TN:
SF:src\routes\workspace.routes.ts
FNF:0
FNH:0
DA:1,4
DA:2,4
DA:3,4
DA:5,4
DA:7,4
DA:8,4
DA:10,4
LF:7
LH:7
BRF:0
BRH:0
end_of_record
